#
# There is insufficient memory for the Java Runtime Environment to continue.
# Native memory allocation (mmap) failed to map 268435456 bytes for Failed to commit area from 0x0000000701a00000 to 0x0000000711a00000 of length 268435456.
# Possible reasons:
#   The system is out of physical RAM or swap space
#   The process is running with CompressedOops enabled, and the Java Heap may be blocking the growth of the native heap
# Possible solutions:
#   Reduce memory load on the system
#   Increase physical memory or swap space
#   Check if swap backing store is full
#   Decrease Java heap size (-Xmx/-Xms)
#   Decrease number of Java threads
#   Decrease Java thread stack sizes (-Xss)
#   Set larger code cache with -XX:ReservedCodeCacheSize=
# This output file may be truncated or incomplete.
#
#  Out of Memory Error (./src/hotspot/os/windows/os_windows.cpp:3301), pid=10344, tid=14996
#
# JRE version:  (11.0.10+8) (build )
# Java VM: OpenJDK 64-Bit Server VM (11.0.10+8-b1145.96, mixed mode, sharing, tiered, compressed oops, g1 gc, windows-amd64)
# No core dump will be written. Minidumps are not enabled by default on client versions of Windows
#

---------------  S U M M A R Y ------------

Command Line: org.jetbrains.git4idea.http.GitAskPassApp Username for 'https://github.com': 

Host: Intel(R) Core(TM) i7-9750H CPU @ 2.60GHz, 12 cores, 15G,  Windows 10 , 64 bit Build 22000 (10.0.22000.318)
Time: Sat Jan 29 01:21:38 2022 中国标准时间 elapsed time: 0.008559 seconds (0d 0h 0m 0s)

---------------  T H R E A D  ---------------

Current thread (0x0000020096f6f800):  JavaThread "Unknown thread" [_thread_in_vm, id=14996, stack(0x0000001adb700000,0x0000001adb800000)]

Stack: [0x0000001adb700000,0x0000001adb800000]
Native frames: (J=compiled Java code, j=interpreted, Vv=VM code, C=native code)
V  [jvm.dll+0x5ece6a]
V  [jvm.dll+0x722cd5]
V  [jvm.dll+0x72422d]
V  [jvm.dll+0x7248e3]
V  [jvm.dll+0x2428d8]
V  [jvm.dll+0x5ea244]
V  [jvm.dll+0x5df2e5]
V  [jvm.dll+0x2fdddb]
V  [jvm.dll+0x2fdd4a]
V  [jvm.dll+0x2fdc22]
V  [jvm.dll+0x302b06]
V  [jvm.dll+0x34b033]
V  [jvm.dll+0x34b736]
V  [jvm.dll+0x34b133]
V  [jvm.dll+0x2d87d8]
V  [jvm.dll+0x2d9987]
V  [jvm.dll+0x701817]
V  [jvm.dll+0x70300c]
V  [jvm.dll+0x3585a9]
V  [jvm.dll+0x6e516e]
V  [jvm.dll+0x3c09e3]
V  [jvm.dll+0x3c2c71]
C  [jli.dll+0x5373]
C  [ucrtbase.dll+0x26c0c]
C  [KERNEL32.DLL+0x154e0]
C  [ntdll.dll+0x485b]


---------------  P R O C E S S  ---------------

Threads class SMR info:
_java_thread_list=0x0000020094dc5470, length=0, elements={
}

Java Threads: ( => current thread )

Other Threads:
  0x0000020096f88800 GCTaskThread "GC Thread#0" [stack: 0x0000001adb800000,0x0000001adb900000] [id=16812]
  0x0000020096fe6000 ConcurrentGCThread "G1 Main Marker" [stack: 0x0000001adb900000,0x0000001adba00000] [id=20736]
  0x0000020096fe9800 ConcurrentGCThread "G1 Conc#0" [stack: 0x0000001adba00000,0x0000001adbb00000] [id=13448]

[error occurred during error reporting (printing all threads), id 0xc0000005, EXCEPTION_ACCESS_VIOLATION (0xc0000005) at pc=0x00007ffdfd358db7]

VM state:not at safepoint (not fully initialized)

VM Mutex/Monitor currently owned by a thread:  ([mutex/lock_event])
[0x0000020096f6d1b0] Heap_lock - owner thread: 0x0000020096f6f800

Heap address: 0x0000000701a00000, size: 4070 MB, Compressed Oops mode: Non-zero based: 0x0000000701a00000
Narrow klass base: 0x0000000000000000, Narrow klass shift: 0

GC Heap History (0 events):
No events

Deoptimization events (0 events):
No events

Classes redefined (0 events):
No events

Internal exceptions (0 events):
No events

Events (1 events):
Event: 0.005 Loaded shared library C:\Program Files\JetBrains\CLion 2020.3.4\jbr\bin\zip.dll


Dynamic libraries:
0x00007ff79a370000 - 0x00007ff79a37a000 	C:\Program Files\JetBrains\CLion 2020.3.4\jbr\bin\java.exe
0x00007ffe32780000 - 0x00007ffe32987000 	C:\WINDOWS\SYSTEM32\ntdll.dll
0x00007ffe31860000 - 0x00007ffe3191d000 	C:\WINDOWS\System32\KERNEL32.DLL
0x00007ffe2fdf0000 - 0x00007ffe30164000 	C:\WINDOWS\System32\KERNELBASE.dll
0x00007ffe30170000 - 0x00007ffe30281000 	C:\WINDOWS\System32\ucrtbase.dll
0x00007ffe0b420000 - 0x00007ffe0b439000 	C:\Program Files\JetBrains\CLion 2020.3.4\jbr\bin\jli.dll
0x00007ffe07740000 - 0x00007ffe07757000 	C:\Program Files\JetBrains\CLion 2020.3.4\jbr\bin\VCRUNTIME140.dll
0x00007ffe31cf0000 - 0x00007ffe31e9c000 	C:\WINDOWS\System32\USER32.dll
0x00007ffe0ba90000 - 0x00007ffe0bd35000 	C:\WINDOWS\WinSxS\amd64_microsoft.windows.common-controls_6595b64144ccf1df_6.0.22000.120_none_9d947278b86cc467\COMCTL32.dll
0x00007ffe304c0000 - 0x00007ffe304e6000 	C:\WINDOWS\System32\win32u.dll
0x00007ffe32310000 - 0x00007ffe323b3000 	C:\WINDOWS\System32\msvcrt.dll
0x00007ffe30610000 - 0x00007ffe30639000 	C:\WINDOWS\System32\GDI32.dll
0x00007ffe304f0000 - 0x00007ffe30602000 	C:\WINDOWS\System32\gdi32full.dll
0x00007ffe2fc60000 - 0x00007ffe2fcfd000 	C:\WINDOWS\System32\msvcp_win.dll
0x00007ffe30c50000 - 0x00007ffe30c81000 	C:\WINDOWS\System32\IMM32.DLL
0x00007ffdfbdb0000 - 0x00007ffdfbe4d000 	C:\Program Files\JetBrains\CLion 2020.3.4\jbr\bin\msvcp140.dll
0x00007ffdfd070000 - 0x00007ffdfdb40000 	C:\Program Files\JetBrains\CLion 2020.3.4\jbr\bin\server\jvm.dll
0x00007ffe30ba0000 - 0x00007ffe30c4c000 	C:\WINDOWS\System32\ADVAPI32.dll
0x00007ffe30cf0000 - 0x00007ffe30d8d000 	C:\WINDOWS\System32\sechost.dll
0x00007ffe31bc0000 - 0x00007ffe31ce1000 	C:\WINDOWS\System32\RPCRT4.dll
0x00007ffe32130000 - 0x00007ffe32138000 	C:\WINDOWS\System32\PSAPI.DLL
0x00007ffe19720000 - 0x00007ffe19729000 	C:\WINDOWS\SYSTEM32\WSOCK32.dll
0x00007ffe2a540000 - 0x00007ffe2a573000 	C:\WINDOWS\SYSTEM32\WINMM.dll
0x00007ffe31920000 - 0x00007ffe3198f000 	C:\WINDOWS\System32\WS2_32.dll
0x00007ffe27c50000 - 0x00007ffe27c5a000 	C:\WINDOWS\SYSTEM32\VERSION.dll
0x00007ffe2ed80000 - 0x00007ffe2ed98000 	C:\WINDOWS\SYSTEM32\kernel.appcore.dll
0x00007ffe24240000 - 0x00007ffe24251000 	C:\Program Files\JetBrains\CLion 2020.3.4\jbr\bin\verify.dll
0x00007ffe28920000 - 0x00007ffe28b41000 	C:\WINDOWS\SYSTEM32\DBGHELP.DLL
0x00007ffe17e60000 - 0x00007ffe17e91000 	C:\WINDOWS\SYSTEM32\dbgcore.DLL
0x00007ffe2fd00000 - 0x00007ffe2fd7f000 	C:\WINDOWS\System32\bcryptPrimitives.dll
0x00007ffe19730000 - 0x00007ffe19759000 	C:\Program Files\JetBrains\CLion 2020.3.4\jbr\bin\java.dll
0x00007ffe2c4c0000 - 0x00007ffe2c4cb000 	C:\Program Files\JetBrains\CLion 2020.3.4\jbr\bin\jimage.dll
0x00007ffe24040000 - 0x00007ffe24058000 	C:\Program Files\JetBrains\CLion 2020.3.4\jbr\bin\zip.dll

dbghelp: loaded successfully - version: 4.0.5 - missing functions: none
symbol engine: initialized successfully - sym options: 0x614 - pdb path: .;C:\Program Files\JetBrains\CLion 2020.3.4\jbr\bin;C:\WINDOWS\SYSTEM32;C:\WINDOWS\WinSxS\amd64_microsoft.windows.common-controls_6595b64144ccf1df_6.0.22000.120_none_9d947278b86cc467;C:\Program Files\JetBrains\CLion 2020.3.4\jbr\bin\server

VM Arguments:
java_command: org.jetbrains.git4idea.http.GitAskPassApp Username for 'https://github.com': 
java_class_path (initial): C:/Program Files/JetBrains/CLion 2020.3.4/plugins/git4idea/lib/git4idea-rt.jar;C:/Program Files/JetBrains/CLion 2020.3.4/lib/xmlrpc-2.0.1.jar;C:/Program Files/JetBrains/CLion 2020.3.4/lib/commons-codec-1.14.jar
Launcher Type: SUN_STANDARD

[Global flags]
     intx CICompilerCount                          = 4                                         {product} {ergonomic}
     uint ConcGCThreads                            = 3                                         {product} {ergonomic}
     uint G1ConcRefinementThreads                  = 10                                        {product} {ergonomic}
   size_t G1HeapRegionSize                         = 1048576                                   {product} {ergonomic}
    uintx GCDrainStackTargetSize                   = 64                                        {product} {ergonomic}
   size_t InitialHeapSize                          = 268435456                                 {product} {ergonomic}
   size_t MarkStackSize                            = 4194304                                   {product} {ergonomic}
   size_t MaxHeapSize                              = 4267704320                                {product} {ergonomic}
   size_t MinHeapDeltaBytes                        = 1048576                                   {product} {ergonomic}
    uintx NonNMethodCodeHeapSize                   = 5836300                                {pd product} {ergonomic}
    uintx NonProfiledCodeHeapSize                  = 122910970                              {pd product} {ergonomic}
    uintx ProfiledCodeHeapSize                     = 122910970                              {pd product} {ergonomic}
    uintx ReservedCodeCacheSize                    = 251658240                              {pd product} {ergonomic}
     bool SegmentedCodeCache                       = true                                      {product} {ergonomic}
     bool UseCompressedClassPointers               = true                                 {lp64_product} {ergonomic}
     bool UseCompressedOops                        = true                                 {lp64_product} {ergonomic}
     bool UseG1GC                                  = true                                      {product} {ergonomic}
     bool UseLargePagesIndividualAllocation        = false                                  {pd product} {ergonomic}

Logging:
Log output configuration:
 #0: stdout all=warning uptime,level,tags
 #1: stderr all=off uptime,level,tags

Environment Variables:
JAVA_HOME=C:\Program Files (x86)\Java\jre1.8.0_311
CLASSPATH=.;C:\Program Files (x86)\Java\jre1.8.0_311\lib\dt.jar;C:\Program Files (x86)\Java\jre1.8.0_311\lib\tools.jar;
PATH=C:\Program Files\Git\mingw64\libexec\git-core;C:\Program Files\Git\mingw64\libexec\git-core;C:\Program Files\Git\mingw64\bin;C:\Program Files\Git\usr\bin;C:\Users\13443\bin;C:\Program Files (x86)\Common Files\Oracle\Java\javapath;C:\Program Files (x86)\STMicroelectronics\st_toolset\asm;C:\Program Files (x86)\Intel\Intel(R) Management Engine Components\iCLS;C:\Program Files\Intel\Intel(R) Management Engine Components\iCLS;C:\WINDOWS\system32;C:\WINDOWS;C:\WINDOWS\System32\Wbem;C:\WINDOWS\System32\WindowsPowerShell\v1.0;C:\WINDOWS\System32\OpenSSH;C:\Program Files\Microsoft SQL Server\Client SDK\ODBC\110\Tools\Binn;C:\Program Files (x86)\Microsoft SQL Server\120\Tools\Binn;C:\Program Files\Microsoft SQL Server\120\Tools\Binn;C:\Program Files\Microsoft SQL Server\120\DTS\Binn;C:\Program Files (x86)\Windows Kits\8.1\Windows Performance Toolkit;C:\Program Files\LLVM\bin;C:\Program Files (x86)\Java\jre1.8.0_311\bin;C:\Program Files (x86)\Java\jre1.8.0_311\jre\bin;C:\Program Files\Git\cmd;C:\gcc-arm-none-eab\bin;C:\Program Files\mingw-w64\x86_64-8.1.0-posix-seh-rt_v6-rev0\mingw64\bin;C:\openocd-0.10.0\bin;C:\Users\13443\AppData\Local\Microsoft\WindowsApps;C:\Users\13443\AppData\Local\Programs\Microsoft VS Code\bin;C:\Program Files\JetBrains\CLion 2020.3.4\bin
USERNAME=13443
DISPLAY=:0.0
LC_ALL=en_US.UTF-8
OS=Windows_NT
PROCESSOR_IDENTIFIER=Intel64 Family 6 Model 158 Stepping 10, GenuineIntel



---------------  S Y S T E M  ---------------

OS: Windows 10 , 64 bit Build 22000 (10.0.22000.318)
OS uptime: 0 days 4:52 hours

CPU:total 12 (initial active 12) (6 cores per cpu, 2 threads per core) family 6 model 158 stepping 10 microcode 0xea, cmov, cx8, fxsr, mmx, sse, sse2, sse3, ssse3, sse4.1, sse4.2, popcnt, avx, avx2, aes, clmul, erms, 3dnowpref, lzcnt, ht, tsc, tscinvbit, bmi1, bmi2, adx, fma

Memory: 4k page, system-wide physical 16278M (7570M free)
TotalPageFile size 17078M (AvailPageFile size 171M)
current process WorkingSet (physical memory assigned to process): 10M, peak: 10M
current process commit charge ("private bytes"): 64M, peak: 320M

vm_info: OpenJDK 64-Bit Server VM (11.0.10+8-b1145.96) for windows-amd64 JRE (11.0.10+8-b1145.96), built on Feb 18 2021 01:38:16 by "" with MS VC++ 14.0 (VS2015)

END.
