#
# There is insufficient memory for the Java Runtime Environment to continue.
# Native memory allocation (mmap) failed to map 268435456 bytes for Failed to commit area from 0x0000000701a00000 to 0x0000000711a00000 of length 268435456.
# Possible reasons:
#   The system is out of physical RAM or swap space
#   The process is running with CompressedOops enabled, and the Java Heap may be blocking the growth of the native heap
# Possible solutions:
#   Reduce memory load on the system
#   Increase physical memory or swap space
#   Check if swap backing store is full
#   Decrease Java heap size (-Xmx/-Xms)
#   Decrease number of Java threads
#   Decrease Java thread stack sizes (-Xss)
#   Set larger code cache with -XX:ReservedCodeCacheSize=
# This output file may be truncated or incomplete.
#
#  Out of Memory Error (./src/hotspot/os/windows/os_windows.cpp:3301), pid=30364, tid=19616
#
# JRE version:  (11.0.10+8) (build )
# Java VM: OpenJDK 64-Bit Server VM (11.0.10+8-b1145.96, mixed mode, sharing, tiered, compressed oops, g1 gc, windows-amd64)
# No core dump will be written. Minidumps are not enabled by default on client versions of Windows
#

---------------  S U M M A R Y ------------

Command Line: org.jetbrains.git4idea.http.GitAskPassApp Username for 'https://github.com': 

Host: Intel(R) Core(TM) i7-9750H CPU @ 2.60GHz, 12 cores, 15G,  Windows 10 , 64 bit Build 22000 (10.0.22000.318)
Time: Sun Jan 30 17:22:24 2022 中国标准时间 elapsed time: 0.009208 seconds (0d 0h 0m 0s)

---------------  T H R E A D  ---------------

Current thread (0x000001778142d800):  JavaThread "Unknown thread" [_thread_in_vm, id=19616, stack(0x0000004085600000,0x0000004085700000)]

Stack: [0x0000004085600000,0x0000004085700000]
Native frames: (J=compiled Java code, j=interpreted, Vv=VM code, C=native code)
V  [jvm.dll+0x5ece6a]
V  [jvm.dll+0x722cd5]
V  [jvm.dll+0x72422d]
V  [jvm.dll+0x7248e3]
V  [jvm.dll+0x2428d8]
V  [jvm.dll+0x5ea244]
V  [jvm.dll+0x5df2e5]
V  [jvm.dll+0x2fdddb]
V  [jvm.dll+0x2fdd4a]
V  [jvm.dll+0x2fdc22]
V  [jvm.dll+0x302b06]
V  [jvm.dll+0x34b033]
V  [jvm.dll+0x34b736]
V  [jvm.dll+0x34b133]
V  [jvm.dll+0x2d87d8]
V  [jvm.dll+0x2d9987]
V  [jvm.dll+0x701817]
V  [jvm.dll+0x70300c]
V  [jvm.dll+0x3585a9]
V  [jvm.dll+0x6e516e]
V  [jvm.dll+0x3c09e3]
V  [jvm.dll+0x3c2c71]
C  [jli.dll+0x5373]
C  [ucrtbase.dll+0x26c0c]
C  [KERNEL32.DLL+0x154e0]
C  [ntdll.dll+0x485b]


---------------  P R O C E S S  ---------------

Threads class SMR info:
_java_thread_list=0x00000177ff0d12d0, length=0, elements={
}

Java Threads: ( => current thread )

Other Threads:
  0x0000017781446800 GCTaskThread "GC Thread#0" [stack: 0x0000004085700000,0x0000004085800000] [id=10956]
  0x00000177814a4800 ConcurrentGCThread "G1 Main Marker" [stack: 0x0000004085800000,0x0000004085900000] [id=27740]
  0x00000177814a7800 ConcurrentGCThread "G1 Conc#0" [stack: 0x0000004085900000,0x0000004085a00000] [id=11412]

[error occurred during error reporting (printing all threads), id 0xc0000005, EXCEPTION_ACCESS_VIOLATION (0xc0000005) at pc=0x00007ffbea618db7]

VM state:not at safepoint (not fully initialized)

VM Mutex/Monitor currently owned by a thread:  ([mutex/lock_event])
[0x000001778142a860] Heap_lock - owner thread: 0x000001778142d800

Heap address: 0x0000000701a00000, size: 4070 MB, Compressed Oops mode: Non-zero based: 0x0000000701a00000
Narrow klass base: 0x0000000000000000, Narrow klass shift: 0

GC Heap History (0 events):
No events

Deoptimization events (0 events):
No events

Classes redefined (0 events):
No events

Internal exceptions (0 events):
No events

Events (1 events):
Event: 0.005 Loaded shared library C:\Program Files\JetBrains\CLion 2020.3.4\jbr\bin\zip.dll


Dynamic libraries:
0x00007ff7e1400000 - 0x00007ff7e140a000 	C:\Program Files\JetBrains\CLion 2020.3.4\jbr\bin\java.exe
0x00007ffc63d40000 - 0x00007ffc63f47000 	C:\WINDOWS\SYSTEM32\ntdll.dll
0x00007ffc63270000 - 0x00007ffc6332d000 	C:\WINDOWS\System32\KERNEL32.DLL
0x00007ffc613e0000 - 0x00007ffc61754000 	C:\WINDOWS\System32\KERNELBASE.dll
0x00007ffc61220000 - 0x00007ffc61331000 	C:\WINDOWS\System32\ucrtbase.dll
0x00007ffc3c310000 - 0x00007ffc3c327000 	C:\Program Files\JetBrains\CLion 2020.3.4\jbr\bin\VCRUNTIME140.dll
0x00007ffc39840000 - 0x00007ffc39859000 	C:\Program Files\JetBrains\CLion 2020.3.4\jbr\bin\jli.dll
0x00007ffc63a40000 - 0x00007ffc63bec000 	C:\WINDOWS\System32\USER32.dll
0x00007ffc61340000 - 0x00007ffc61366000 	C:\WINDOWS\System32\win32u.dll
0x00007ffc3d720000 - 0x00007ffc3d9c5000 	C:\WINDOWS\WinSxS\amd64_microsoft.windows.common-controls_6595b64144ccf1df_6.0.22000.120_none_9d947278b86cc467\COMCTL32.dll
0x00007ffc63810000 - 0x00007ffc63839000 	C:\WINDOWS\System32\GDI32.dll
0x00007ffc63990000 - 0x00007ffc63a33000 	C:\WINDOWS\System32\msvcrt.dll
0x00007ffc61a30000 - 0x00007ffc61b42000 	C:\WINDOWS\System32\gdi32full.dll
0x00007ffc61820000 - 0x00007ffc618bd000 	C:\WINDOWS\System32\msvcp_win.dll
0x00007ffc61d60000 - 0x00007ffc61d91000 	C:\WINDOWS\System32\IMM32.DLL
0x00007ffc26bf0000 - 0x00007ffc26c8d000 	C:\Program Files\JetBrains\CLion 2020.3.4\jbr\bin\msvcp140.dll
0x00007ffbea330000 - 0x00007ffbeae00000 	C:\Program Files\JetBrains\CLion 2020.3.4\jbr\bin\server\jvm.dll
0x00007ffc63760000 - 0x00007ffc6380c000 	C:\WINDOWS\System32\ADVAPI32.dll
0x00007ffc63bf0000 - 0x00007ffc63c8d000 	C:\WINDOWS\System32\sechost.dll
0x00007ffc61db0000 - 0x00007ffc61ed1000 	C:\WINDOWS\System32\RPCRT4.dll
0x00007ffc63260000 - 0x00007ffc63268000 	C:\WINDOWS\System32\PSAPI.DLL
0x00007ffc5dc40000 - 0x00007ffc5dc49000 	C:\WINDOWS\SYSTEM32\WSOCK32.dll
0x00007ffc5ba60000 - 0x00007ffc5ba93000 	C:\WINDOWS\SYSTEM32\WINMM.dll
0x00007ffc63c90000 - 0x00007ffc63cff000 	C:\WINDOWS\System32\WS2_32.dll
0x00007ffc57cf0000 - 0x00007ffc57cfa000 	C:\WINDOWS\SYSTEM32\VERSION.dll
0x00007ffc60340000 - 0x00007ffc60358000 	C:\WINDOWS\SYSTEM32\kernel.appcore.dll
0x00007ffc52370000 - 0x00007ffc52381000 	C:\Program Files\JetBrains\CLion 2020.3.4\jbr\bin\verify.dll
0x00007ffc59bb0000 - 0x00007ffc59dd1000 	C:\WINDOWS\SYSTEM32\DBGHELP.DLL
0x00007ffc48b90000 - 0x00007ffc48bc1000 	C:\WINDOWS\SYSTEM32\dbgcore.DLL
0x00007ffc61b50000 - 0x00007ffc61bcf000 	C:\WINDOWS\System32\bcryptPrimitives.dll
0x00007ffc522a0000 - 0x00007ffc522c9000 	C:\Program Files\JetBrains\CLion 2020.3.4\jbr\bin\java.dll
0x00007ffc5d9f0000 - 0x00007ffc5d9fb000 	C:\Program Files\JetBrains\CLion 2020.3.4\jbr\bin\jimage.dll
0x00007ffc51e10000 - 0x00007ffc51e28000 	C:\Program Files\JetBrains\CLion 2020.3.4\jbr\bin\zip.dll

dbghelp: loaded successfully - version: 4.0.5 - missing functions: none
symbol engine: initialized successfully - sym options: 0x614 - pdb path: .;C:\Program Files\JetBrains\CLion 2020.3.4\jbr\bin;C:\WINDOWS\SYSTEM32;C:\WINDOWS\WinSxS\amd64_microsoft.windows.common-controls_6595b64144ccf1df_6.0.22000.120_none_9d947278b86cc467;C:\Program Files\JetBrains\CLion 2020.3.4\jbr\bin\server

VM Arguments:
java_command: org.jetbrains.git4idea.http.GitAskPassApp Username for 'https://github.com': 
java_class_path (initial): C:/Program Files/JetBrains/CLion 2020.3.4/plugins/git4idea/lib/git4idea-rt.jar;C:/Program Files/JetBrains/CLion 2020.3.4/lib/xmlrpc-2.0.1.jar;C:/Program Files/JetBrains/CLion 2020.3.4/lib/commons-codec-1.14.jar
Launcher Type: SUN_STANDARD

[Global flags]
     intx CICompilerCount                          = 4                                         {product} {ergonomic}
     uint ConcGCThreads                            = 3                                         {product} {ergonomic}
     uint G1ConcRefinementThreads                  = 10                                        {product} {ergonomic}
   size_t G1HeapRegionSize                         = 1048576                                   {product} {ergonomic}
    uintx GCDrainStackTargetSize                   = 64                                        {product} {ergonomic}
   size_t InitialHeapSize                          = 268435456                                 {product} {ergonomic}
   size_t MarkStackSize                            = 4194304                                   {product} {ergonomic}
   size_t MaxHeapSize                              = 4267704320                                {product} {ergonomic}
   size_t MinHeapDeltaBytes                        = 1048576                                   {product} {ergonomic}
    uintx NonNMethodCodeHeapSize                   = 5836300                                {pd product} {ergonomic}
    uintx NonProfiledCodeHeapSize                  = 122910970                              {pd product} {ergonomic}
    uintx ProfiledCodeHeapSize                     = 122910970                              {pd product} {ergonomic}
    uintx ReservedCodeCacheSize                    = 251658240                              {pd product} {ergonomic}
     bool SegmentedCodeCache                       = true                                      {product} {ergonomic}
     bool UseCompressedClassPointers               = true                                 {lp64_product} {ergonomic}
     bool UseCompressedOops                        = true                                 {lp64_product} {ergonomic}
     bool UseG1GC                                  = true                                      {product} {ergonomic}
     bool UseLargePagesIndividualAllocation        = false                                  {pd product} {ergonomic}

Logging:
Log output configuration:
 #0: stdout all=warning uptime,level,tags
 #1: stderr all=off uptime,level,tags

Environment Variables:
JAVA_HOME=C:\Program Files (x86)\Java\jre1.8.0_311
CLASSPATH=.;C:\Program Files (x86)\Java\jre1.8.0_311\lib\dt.jar;C:\Program Files (x86)\Java\jre1.8.0_311\lib\tools.jar;
PATH=C:\Program Files\Git\mingw64\libexec\git-core;C:\Program Files\Git\mingw64\libexec\git-core;C:\Program Files\Git\mingw64\bin;C:\Program Files\Git\usr\bin;C:\Users\13443\bin;C:\Program Files (x86)\Common Files\Oracle\Java\javapath;C:\Program Files (x86)\STMicroelectronics\st_toolset\asm;C:\Program Files (x86)\Intel\Intel(R) Management Engine Components\iCLS;C:\Program Files\Intel\Intel(R) Management Engine Components\iCLS;C:\WINDOWS\system32;C:\WINDOWS;C:\WINDOWS\System32\Wbem;C:\WINDOWS\System32\WindowsPowerShell\v1.0;C:\WINDOWS\System32\OpenSSH;C:\Program Files\Microsoft SQL Server\Client SDK\ODBC\110\Tools\Binn;C:\Program Files (x86)\Microsoft SQL Server\120\Tools\Binn;C:\Program Files\Microsoft SQL Server\120\Tools\Binn;C:\Program Files\Microsoft SQL Server\120\DTS\Binn;C:\Program Files (x86)\Windows Kits\8.1\Windows Performance Toolkit;C:\Program Files\LLVM\bin;C:\Program Files (x86)\Java\jre1.8.0_311\bin;C:\Program Files (x86)\Java\jre1.8.0_311\jre\bin;C:\Program Files\Git\cmd;C:\gcc-arm-none-eab\bin;C:\Program Files\mingw-w64\x86_64-8.1.0-posix-seh-rt_v6-rev0\mingw64\bin;C:\openocd-0.10.0\bin;C:\Users\13443\AppData\Local\Microsoft\WindowsApps;C:\Users\13443\AppData\Local\Programs\Microsoft VS Code\bin;C:\Program Files\JetBrains\CLion 2020.3.4\bin
USERNAME=13443
DISPLAY=:0.0
LC_ALL=en_US.UTF-8
OS=Windows_NT
PROCESSOR_IDENTIFIER=Intel64 Family 6 Model 158 Stepping 10, GenuineIntel



---------------  S Y S T E M  ---------------

OS: Windows 10 , 64 bit Build 22000 (10.0.22000.318)
OS uptime: 0 days 20:26 hours

CPU:total 12 (initial active 12) (6 cores per cpu, 2 threads per core) family 6 model 158 stepping 10 microcode 0xea, cmov, cx8, fxsr, mmx, sse, sse2, sse3, ssse3, sse4.1, sse4.2, popcnt, avx, avx2, aes, clmul, erms, 3dnowpref, lzcnt, ht, tsc, tscinvbit, bmi1, bmi2, adx, fma

Memory: 4k page, system-wide physical 16278M (7162M free)
TotalPageFile size 17078M (AvailPageFile size 86M)
current process WorkingSet (physical memory assigned to process): 10M, peak: 10M
current process commit charge ("private bytes"): 64M, peak: 320M

vm_info: OpenJDK 64-Bit Server VM (11.0.10+8-b1145.96) for windows-amd64 JRE (11.0.10+8-b1145.96), built on Feb 18 2021 01:38:16 by "" with MS VC++ 14.0 (VS2015)

END.
