#
# There is insufficient memory for the Java Runtime Environment to continue.
# Native memory allocation (malloc) failed to allocate 727056 bytes for Chunk::new
# Possible reasons:
#   The system is out of physical RAM or swap space
#   The process is running with CompressedOops enabled, and the Java Heap may be blocking the growth of the native heap
# Possible solutions:
#   Reduce memory load on the system
#   Increase physical memory or swap space
#   Check if swap backing store is full
#   Decrease Java heap size (-Xmx/-Xms)
#   Decrease number of Java threads
#   Decrease Java thread stack sizes (-Xss)
#   Set larger code cache with -XX:ReservedCodeCacheSize=
#   JVM is running with Zero Based Compressed Oops mode in which the Java heap is
#     placed in the first 32GB address space. The Java Heap base address is the
#     maximum limit for the native heap growth. Please use -XX:HeapBaseMinAddress
#     to set the Java Heap base and to place the Java Heap above 32GB virtual address.
# This output file may be truncated or incomplete.
#
#  Out of Memory Error (./src/hotspot/share/memory/arena.cpp:197), pid=18860, tid=14424
#
# JRE version: OpenJDK Runtime Environment AdoptOpenJDK (11.0.10+9) (build 11.0.10+9)
# Java VM: OpenJDK 64-Bit Server VM AdoptOpenJDK (11.0.10+9, mixed mode, tiered, compressed oops, g1 gc, windows-amd64)
# No core dump will be written. Minidumps are not enabled by default on client versions of Windows
#

---------------  S U M M A R Y ------------

Command Line: -Djavax.net.ssl.trustStoreType=WINDOWS-ROOT com.st.microxplorer.maingui.STM32CubeMX C:\Users\13443\source\stm32rt\temp\stm32freertos.ioc

Host: Intel(R) Core(TM) i7-9750H CPU @ 2.60GHz, 12 cores, 15G,  Windows 10 , 64 bit Build 22000 (10.0.22000.318)
Time: Fri Jan 28 01:02:09 2022 中国标准时间 elapsed time: 5.682100 seconds (0d 0h 0m 5s)

---------------  T H R E A D  ---------------

Current thread (0x000002407e910000):  JavaThread "C2 CompilerThread1" daemon [_thread_in_native, id=14424, stack(0x0000006674900000,0x0000006674a00000)]


Current CompileTask:
C2:   5682 5917       4       com.sun.org.apache.xerces.internal.impl.XMLDocumentFragmentScannerImpl::scanEndElement (170 bytes)

Stack: [0x0000006674900000,0x0000006674a00000]
Native frames: (J=compiled Java code, j=interpreted, Vv=VM code, C=native code)
V  [jvm.dll+0x5f35ea]
V  [jvm.dll+0x77c65e]
V  [jvm.dll+0x77dd2f]
V  [jvm.dll+0x77e3f3]
V  [jvm.dll+0x246c38]
V  [jvm.dll+0xbe6cc]
V  [jvm.dll+0xbedcc]
V  [jvm.dll+0x34bfd7]
V  [jvm.dll+0x319e33]
V  [jvm.dll+0x31916a]
V  [jvm.dll+0x200525]
V  [jvm.dll+0x1ff70f]
V  [jvm.dll+0x1846bc]
V  [jvm.dll+0x20ec37]
V  [jvm.dll+0x20ce1b]
V  [jvm.dll+0x740b39]
V  [jvm.dll+0x739ba4]
V  [jvm.dll+0x5f2466]
C  [ucrtbase.dll+0x26c0c]
C  [KERNEL32.DLL+0x154e0]
C  [ntdll.dll+0x485b]


---------------  P R O C E S S  ---------------

Threads class SMR info:
_java_thread_list=0x00000240238f7d30, length=22, elements={
0x000002407de39800, 0x000002407de3b800, 0x000002407e743800, 0x000002407e744800,
0x000002407e746000, 0x000002407e751000, 0x000002407e758800, 0x000002407e782000,
0x000002407e90c000, 0x000002407e911000, 0x000002400f114000, 0x000002407eeeb000,
0x000002400fa3d800, 0x000002400fcfe800, 0x000002400fc54800, 0x00000240685b8800,
0x00000240202ec800, 0x00000240220ad000, 0x000002407e910000, 0x0000024025c49800,
0x00000240220ae000, 0x00000240220b0000
}

Java Threads: ( => current thread )
  0x000002407de39800 JavaThread "Reference Handler" daemon [_thread_blocked, id=16452, stack(0x0000006673f00000,0x0000006674000000)]
  0x000002407de3b800 JavaThread "Finalizer" daemon [_thread_blocked, id=4440, stack(0x0000006674000000,0x0000006674100000)]
  0x000002407e743800 JavaThread "Signal Dispatcher" daemon [_thread_blocked, id=10972, stack(0x0000006674100000,0x0000006674200000)]
  0x000002407e744800 JavaThread "Attach Listener" daemon [_thread_blocked, id=15972, stack(0x0000006674200000,0x0000006674300000)]
  0x000002407e746000 JavaThread "Service Thread" daemon [_thread_blocked, id=3552, stack(0x0000006674300000,0x0000006674400000)]
  0x000002407e751000 JavaThread "C2 CompilerThread0" daemon [_thread_in_native, id=11796, stack(0x0000006674400000,0x0000006674500000)]
  0x000002407e758800 JavaThread "C1 CompilerThread0" daemon [_thread_blocked, id=9528, stack(0x0000006674500000,0x0000006674600000)]
  0x000002407e782000 JavaThread "Sweeper thread" daemon [_thread_blocked, id=22324, stack(0x0000006674600000,0x0000006674700000)]
  0x000002407e90c000 JavaThread "Common-Cleaner" daemon [_thread_blocked, id=21252, stack(0x0000006674800000,0x0000006674900000)]
  0x000002407e911000 JavaThread "Java2D Disposer" daemon [_thread_blocked, id=12592, stack(0x0000006674a00000,0x0000006674b00000)]
  0x000002400f114000 JavaThread "AWT-Shutdown" [_thread_blocked, id=2368, stack(0x0000006674b00000,0x0000006674c00000)]
  0x000002407eeeb000 JavaThread "AWT-Windows" daemon [_thread_in_native, id=16020, stack(0x0000006674c00000,0x0000006674d00000)]
  0x000002400fa3d800 JavaThread "AWT-EventQueue-0" [_thread_blocked, id=6716, stack(0x0000006674f00000,0x0000006675000000)]
  0x000002400fcfe800 JavaThread "SplashThread" [_thread_blocked, id=17304, stack(0x0000006675000000,0x0000006675100000)]
  0x000002400fc54800 JavaThread "D3D Screen Updater" daemon [_thread_blocked, id=21884, stack(0x0000006675100000,0x0000006675200000)]
  0x00000240685b8800 JavaThread "DestroyJavaVM" [_thread_blocked, id=21592, stack(0x0000006673800000,0x0000006673900000)]
  0x00000240202ec800 JavaThread "Image Fetcher 0" daemon [_thread_blocked, id=15392, stack(0x0000006675c00000,0x0000006675d00000)]
  0x00000240220ad000 JavaThread "Keep-Alive-Timer" daemon [_thread_blocked, id=19132, stack(0x0000006676300000,0x0000006676400000)]
=>0x000002407e910000 JavaThread "C2 CompilerThread1" daemon [_thread_in_native, id=14424, stack(0x0000006674900000,0x0000006674a00000)]
  0x0000024025c49800 JavaThread "C2 CompilerThread2" daemon [_thread_in_native, id=10916, stack(0x0000006675d00000,0x0000006675e00000)]
  0x00000240220ae000 JavaThread "TimerQueue" daemon [_thread_blocked, id=23460, stack(0x0000006676000000,0x0000006676100000)]
  0x00000240220b0000 JavaThread "SwingWorker-pool-1-thread-1" daemon [_thread_blocked, id=15728, stack(0x0000006676200000,0x0000006676300000)]

Other Threads:
  0x000002407de25000 VMThread "VM Thread" [stack: 0x0000006673e00000,0x0000006673f00000] [id=9132]
  0x000002407e8f5000 WatcherThread [stack: 0x0000006674700000,0x0000006674800000] [id=3500]
  0x00000240685d0800 GCTaskThread "GC Thread#0" [stack: 0x0000006673900000,0x0000006673a00000] [id=13244]
  0x00000240206b0000 GCTaskThread "GC Thread#1" [stack: 0x0000006675200000,0x0000006675300000] [id=8660]
  0x00000240206b0800 GCTaskThread "GC Thread#2" [stack: 0x0000006675300000,0x0000006675400000] [id=16272]
  0x0000024020156000 GCTaskThread "GC Thread#3" [stack: 0x0000006675400000,0x0000006675500000] [id=24072]
  0x000002400fb96800 GCTaskThread "GC Thread#4" [stack: 0x0000006675500000,0x0000006675600000] [id=8636]
  0x000002400fccb800 GCTaskThread "GC Thread#5" [stack: 0x0000006675600000,0x0000006675700000] [id=22096]
  0x000002400fd9e800 GCTaskThread "GC Thread#6" [stack: 0x0000006675700000,0x0000006675800000] [id=12044]
  0x000002400ffb8800 GCTaskThread "GC Thread#7" [stack: 0x0000006675800000,0x0000006675900000] [id=23312]
  0x0000024020928800 GCTaskThread "GC Thread#8" [stack: 0x0000006675e00000,0x0000006675f00000] [id=21724]
  0x0000024020cca800 GCTaskThread "GC Thread#9" [stack: 0x0000006675f00000,0x0000006676000000] [id=19336]
  0x0000024068630800 ConcurrentGCThread "G1 Main Marker" [stack: 0x0000006673a00000,0x0000006673b00000] [id=21036]
  0x0000024068632000 ConcurrentGCThread "G1 Conc#0" [stack: 0x0000006673b00000,0x0000006673c00000] [id=512]
  0x000002407ea08800 ConcurrentGCThread "G1 Conc#1" [stack: 0x0000006675900000,0x0000006675a00000] [id=11248]
  0x000002400fc65000 ConcurrentGCThread "G1 Conc#2" [stack: 0x0000006675a00000,0x0000006675b00000] [id=18132]
  0x000002407dd15800 ConcurrentGCThread "G1 Refine#0" [stack: 0x0000006673c00000,0x0000006673d00000] [id=1560]
  0x000002407dd17000 ConcurrentGCThread "G1 Young RemSet Sampling" [stack: 0x0000006673d00000,0x0000006673e00000] [id=16420]

Threads with active compile tasks:
C2 CompilerThread0   5707 5909       4       com.sun.org.apache.xerces.internal.impl.XMLNSDocumentScannerImpl::scanStartElement (1026 bytes)
C2 CompilerThread1   5707 5917       4       com.sun.org.apache.xerces.internal.impl.XMLDocumentFragmentScannerImpl::scanEndElement (170 bytes)
C2 CompilerThread2   5707 5921       4       com.sun.org.apache.xerces.internal.impl.XMLScanner::scanAttributeValue (991 bytes)

VM state:not at safepoint (normal execution)

VM Mutex/Monitor currently owned by a thread: None

OutOfMemory and StackOverflow Exception counts:
OutOfMemoryError java_heap_errors=1
LinkageErrors=70

Heap address: 0x0000000701a00000, size: 4070 MB, Compressed Oops mode: Zero based, Oop shift amount: 3
Narrow klass base: 0x0000000800000000, Narrow klass shift: 0
Compressed class space size: 1073741824 Address: 0x0000000800000000

Heap:
 garbage-first heap   total 262144K, used 145634K [0x0000000701a00000, 0x0000000800000000)
  region size 1024K, 72 young (73728K), 9 survivors (9216K)
 Metaspace       used 58584K, capacity 62126K, committed 62292K, reserved 1103872K
  class space    used 6712K, capacity 8317K, committed 8320K, reserved 1048576K
Heap Regions: E=young(eden), S=young(survivor), O=old, HS=humongous(starts), HC=humongous(continues), CS=collection set, F=free, A=archive, TAMS=top-at-mark-start (previous, next)
|   0|0x0000000701a00000, 0x0000000701b00000, 0x0000000701b00000|100%|HS|  |TAMS 0x0000000701b00000, 0x0000000701a00000| Complete 
|   1|0x0000000701b00000, 0x0000000701c00000, 0x0000000701c00000|100%|HC|  |TAMS 0x0000000701c00000, 0x0000000701b00000| Complete 
|   2|0x0000000701c00000, 0x0000000701d00000, 0x0000000701d00000|100%|HC|  |TAMS 0x0000000701d00000, 0x0000000701c00000| Complete 
|   3|0x0000000701d00000, 0x0000000701e00000, 0x0000000701e00000|100%|HS|  |TAMS 0x0000000701e00000, 0x0000000701d00000| Complete 
|   4|0x0000000701e00000, 0x0000000701f00000, 0x0000000701f00000|100%| O|  |TAMS 0x0000000701f00000, 0x0000000701e00000| Untracked 
|   5|0x0000000701f00000, 0x0000000702000000, 0x0000000702000000|100%| O|  |TAMS 0x0000000702000000, 0x0000000701f00000| Untracked 
|   6|0x0000000702000000, 0x0000000702100000, 0x0000000702100000|100%| O|  |TAMS 0x0000000702100000, 0x0000000702000000| Untracked 
|   7|0x0000000702100000, 0x0000000702200000, 0x0000000702200000|100%| O|  |TAMS 0x0000000702200000, 0x0000000702100000| Untracked 
|   8|0x0000000702200000, 0x0000000702300000, 0x0000000702300000|100%| O|  |TAMS 0x0000000702300000, 0x0000000702200000| Untracked 
|   9|0x0000000702300000, 0x0000000702400000, 0x0000000702400000|100%| O|  |TAMS 0x0000000702400000, 0x0000000702300000| Untracked 
|  10|0x0000000702400000, 0x0000000702500000, 0x0000000702500000|100%|HS|  |TAMS 0x0000000702500000, 0x0000000702400000| Complete 
|  11|0x0000000702500000, 0x0000000702600000, 0x0000000702600000|100%|HS|  |TAMS 0x0000000702600000, 0x0000000702500000| Complete 
|  12|0x0000000702600000, 0x0000000702700000, 0x0000000702700000|100%|HC|  |TAMS 0x0000000702700000, 0x0000000702600000| Complete 
|  13|0x0000000702700000, 0x0000000702800000, 0x0000000702800000|100%| O|  |TAMS 0x0000000702800000, 0x0000000702700000| Untracked 
|  14|0x0000000702800000, 0x0000000702900000, 0x0000000702900000|100%| O|  |TAMS 0x0000000702900000, 0x0000000702800000| Untracked 
|  15|0x0000000702900000, 0x0000000702a00000, 0x0000000702a00000|100%| O|  |TAMS 0x0000000702a00000, 0x0000000702900000| Untracked 
|  16|0x0000000702a00000, 0x0000000702b00000, 0x0000000702b00000|100%| O|  |TAMS 0x0000000702b00000, 0x0000000702a00000| Untracked 
|  17|0x0000000702b00000, 0x0000000702c00000, 0x0000000702c00000|100%| O|  |TAMS 0x0000000702c00000, 0x0000000702b00000| Untracked 
|  18|0x0000000702c00000, 0x0000000702d00000, 0x0000000702d00000|100%|HS|  |TAMS 0x0000000702d00000, 0x0000000702c00000| Complete 
|  19|0x0000000702d00000, 0x0000000702e00000, 0x0000000702e00000|100%|HS|  |TAMS 0x0000000702e00000, 0x0000000702d00000| Complete 
|  20|0x0000000702e00000, 0x0000000702f00000, 0x0000000702f00000|100%|HC|  |TAMS 0x0000000702f00000, 0x0000000702e00000| Complete 
|  21|0x0000000702f00000, 0x0000000703000000, 0x0000000703000000|100%|HC|  |TAMS 0x0000000703000000, 0x0000000702f00000| Complete 
|  22|0x0000000703000000, 0x0000000703100000, 0x0000000703100000|100%|HC|  |TAMS 0x0000000703100000, 0x0000000703000000| Complete 
|  23|0x0000000703100000, 0x0000000703200000, 0x0000000703200000|100%|HS|  |TAMS 0x0000000703200000, 0x0000000703100000| Complete 
|  24|0x0000000703200000, 0x0000000703300000, 0x0000000703300000|100%|HC|  |TAMS 0x0000000703300000, 0x0000000703200000| Complete 
|  25|0x0000000703300000, 0x0000000703400000, 0x0000000703400000|100%|HC|  |TAMS 0x0000000703400000, 0x0000000703300000| Complete 
|  26|0x0000000703400000, 0x0000000703500000, 0x0000000703500000|100%|HC|  |TAMS 0x0000000703500000, 0x0000000703400000| Complete 
|  27|0x0000000703500000, 0x0000000703600000, 0x0000000703600000|100%|HS|  |TAMS 0x0000000703600000, 0x0000000703500000| Complete 
|  28|0x0000000703600000, 0x0000000703700000, 0x0000000703700000|100%|HC|  |TAMS 0x0000000703700000, 0x0000000703600000| Complete 
|  29|0x0000000703700000, 0x0000000703800000, 0x0000000703800000|100%|HC|  |TAMS 0x0000000703800000, 0x0000000703700000| Complete 
|  30|0x0000000703800000, 0x0000000703900000, 0x0000000703900000|100%|HC|  |TAMS 0x0000000703900000, 0x0000000703800000| Complete 
|  31|0x0000000703900000, 0x0000000703a00000, 0x0000000703a00000|100%|HS|  |TAMS 0x0000000703a00000, 0x0000000703900000| Complete 
|  32|0x0000000703a00000, 0x0000000703b00000, 0x0000000703b00000|100%|HC|  |TAMS 0x0000000703b00000, 0x0000000703a00000| Complete 
|  33|0x0000000703b00000, 0x0000000703c00000, 0x0000000703c00000|100%|HC|  |TAMS 0x0000000703c00000, 0x0000000703b00000| Complete 
|  34|0x0000000703c00000, 0x0000000703d00000, 0x0000000703d00000|100%|HC|  |TAMS 0x0000000703d00000, 0x0000000703c00000| Complete 
|  35|0x0000000703d00000, 0x0000000703e00000, 0x0000000703e00000|100%|HS|  |TAMS 0x0000000703e00000, 0x0000000703d00000| Complete 
|  36|0x0000000703e00000, 0x0000000703f00000, 0x0000000703f00000|100%|HC|  |TAMS 0x0000000703f00000, 0x0000000703e00000| Complete 
|  37|0x0000000703f00000, 0x0000000704000000, 0x0000000704000000|100%|HC|  |TAMS 0x0000000704000000, 0x0000000703f00000| Complete 
|  38|0x0000000704000000, 0x0000000704100000, 0x0000000704100000|100%|HC|  |TAMS 0x0000000704100000, 0x0000000704000000| Complete 
|  39|0x0000000704100000, 0x0000000704200000, 0x0000000704200000|100%|HS|  |TAMS 0x0000000704200000, 0x0000000704100000| Complete 
|  40|0x0000000704200000, 0x0000000704300000, 0x0000000704300000|100%|HC|  |TAMS 0x0000000704300000, 0x0000000704200000| Complete 
|  41|0x0000000704300000, 0x0000000704400000, 0x0000000704400000|100%|HC|  |TAMS 0x0000000704400000, 0x0000000704300000| Complete 
|  42|0x0000000704400000, 0x0000000704500000, 0x0000000704500000|100%|HC|  |TAMS 0x0000000704500000, 0x0000000704400000| Complete 
|  43|0x0000000704500000, 0x0000000704600000, 0x0000000704600000|100%|HS|  |TAMS 0x0000000704600000, 0x0000000704500000| Complete 
|  44|0x0000000704600000, 0x0000000704700000, 0x0000000704700000|100%|HC|  |TAMS 0x0000000704700000, 0x0000000704600000| Complete 
|  45|0x0000000704700000, 0x0000000704800000, 0x0000000704800000|100%|HC|  |TAMS 0x0000000704800000, 0x0000000704700000| Complete 
|  46|0x0000000704800000, 0x0000000704900000, 0x0000000704900000|100%|HC|  |TAMS 0x0000000704900000, 0x0000000704800000| Complete 
|  47|0x0000000704900000, 0x0000000704a00000, 0x0000000704a00000|100%|HS|  |TAMS 0x0000000704a00000, 0x0000000704900000| Complete 
|  48|0x0000000704a00000, 0x0000000704b00000, 0x0000000704b00000|100%|HC|  |TAMS 0x0000000704b00000, 0x0000000704a00000| Complete 
|  49|0x0000000704b00000, 0x0000000704c00000, 0x0000000704c00000|100%|HC|  |TAMS 0x0000000704c00000, 0x0000000704b00000| Complete 
|  50|0x0000000704c00000, 0x0000000704d00000, 0x0000000704d00000|100%|HC|  |TAMS 0x0000000704d00000, 0x0000000704c00000| Complete 
|  51|0x0000000704d00000, 0x0000000704e00000, 0x0000000704e00000|100%|HS|  |TAMS 0x0000000704e00000, 0x0000000704d00000| Complete 
|  52|0x0000000704e00000, 0x0000000704f00000, 0x0000000704f00000|100%|HC|  |TAMS 0x0000000704f00000, 0x0000000704e00000| Complete 
|  53|0x0000000704f00000, 0x0000000705000000, 0x0000000705000000|100%|HC|  |TAMS 0x0000000705000000, 0x0000000704f00000| Complete 
|  54|0x0000000705000000, 0x0000000705100000, 0x0000000705100000|100%|HC|  |TAMS 0x0000000705100000, 0x0000000705000000| Complete 
|  55|0x0000000705100000, 0x0000000705200000, 0x0000000705200000|100%|HS|  |TAMS 0x0000000705200000, 0x0000000705100000| Complete 
|  56|0x0000000705200000, 0x0000000705300000, 0x0000000705300000|100%|HC|  |TAMS 0x0000000705300000, 0x0000000705200000| Complete 
|  57|0x0000000705300000, 0x0000000705400000, 0x0000000705400000|100%|HC|  |TAMS 0x0000000705400000, 0x0000000705300000| Complete 
|  58|0x0000000705400000, 0x0000000705500000, 0x0000000705500000|100%|HC|  |TAMS 0x0000000705500000, 0x0000000705400000| Complete 
|  59|0x0000000705500000, 0x0000000705600000, 0x0000000705600000|100%| O|  |TAMS 0x0000000705600000, 0x0000000705500000| Untracked 
|  60|0x0000000705600000, 0x00000007056c7600, 0x0000000705700000| 77%| O|  |TAMS 0x00000007056c7600, 0x0000000705600000| Untracked 
|  61|0x0000000705700000, 0x0000000705700000, 0x0000000705800000|  0%| F|  |TAMS 0x0000000705700000, 0x0000000705700000| Untracked 
|  62|0x0000000705800000, 0x0000000705900000, 0x0000000705900000|100%| O|  |TAMS 0x0000000705900000, 0x0000000705800000| Untracked 
|  63|0x0000000705900000, 0x0000000705a00000, 0x0000000705a00000|100%| O|  |TAMS 0x0000000705a00000, 0x0000000705900000| Untracked 
|  64|0x0000000705a00000, 0x0000000705b00000, 0x0000000705b00000|100%| O|  |TAMS 0x0000000705b00000, 0x0000000705a00000| Untracked 
|  65|0x0000000705b00000, 0x0000000705c00000, 0x0000000705c00000|100%|HS|  |TAMS 0x0000000705c00000, 0x0000000705b00000| Complete 
|  66|0x0000000705c00000, 0x0000000705d00000, 0x0000000705d00000|100%|HC|  |TAMS 0x0000000705d00000, 0x0000000705c00000| Complete 
|  67|0x0000000705d00000, 0x0000000705e00000, 0x0000000705e00000|100%|HC|  |TAMS 0x0000000705e00000, 0x0000000705d00000| Complete 
|  68|0x0000000705e00000, 0x0000000705f00000, 0x0000000705f00000|100%|HC|  |TAMS 0x0000000705f00000, 0x0000000705e00000| Complete 
|  69|0x0000000705f00000, 0x0000000706000000, 0x0000000706000000|100%|HC|  |TAMS 0x0000000706000000, 0x0000000705f00000| Complete 
|  70|0x0000000706000000, 0x0000000706100000, 0x0000000706100000|100%|HC|  |TAMS 0x0000000706100000, 0x0000000706000000| Complete 
|  71|0x0000000706100000, 0x0000000706200000, 0x0000000706200000|100%|HC|  |TAMS 0x0000000706200000, 0x0000000706100000| Complete 
|  72|0x0000000706200000, 0x0000000706300000, 0x0000000706300000|100%|HC|  |TAMS 0x0000000706300000, 0x0000000706200000| Complete 
|  73|0x0000000706300000, 0x0000000706300000, 0x0000000706400000|  0%| F|  |TAMS 0x0000000706300000, 0x0000000706300000| Untracked 
|  74|0x0000000706400000, 0x0000000706400000, 0x0000000706500000|  0%| F|  |TAMS 0x0000000706400000, 0x0000000706400000| Untracked 
|  75|0x0000000706500000, 0x0000000706500000, 0x0000000706600000|  0%| F|  |TAMS 0x0000000706500000, 0x0000000706500000| Untracked 
|  76|0x0000000706600000, 0x0000000706600000, 0x0000000706700000|  0%| F|  |TAMS 0x0000000706600000, 0x0000000706600000| Untracked 
|  77|0x0000000706700000, 0x0000000706700000, 0x0000000706800000|  0%| F|  |TAMS 0x0000000706700000, 0x0000000706700000| Untracked 
|  78|0x0000000706800000, 0x0000000706800000, 0x0000000706900000|  0%| F|  |TAMS 0x0000000706800000, 0x0000000706800000| Untracked 
|  79|0x0000000706900000, 0x0000000706900000, 0x0000000706a00000|  0%| F|  |TAMS 0x0000000706900000, 0x0000000706900000| Untracked 
|  80|0x0000000706a00000, 0x0000000706a00000, 0x0000000706b00000|  0%| F|  |TAMS 0x0000000706a00000, 0x0000000706a00000| Untracked 
|  81|0x0000000706b00000, 0x0000000706b00000, 0x0000000706c00000|  0%| F|  |TAMS 0x0000000706b00000, 0x0000000706b00000| Untracked 
|  82|0x0000000706c00000, 0x0000000706c00000, 0x0000000706d00000|  0%| F|  |TAMS 0x0000000706c00000, 0x0000000706c00000| Untracked 
|  83|0x0000000706d00000, 0x0000000706d00000, 0x0000000706e00000|  0%| F|  |TAMS 0x0000000706d00000, 0x0000000706d00000| Untracked 
|  84|0x0000000706e00000, 0x0000000706e00000, 0x0000000706f00000|  0%| F|  |TAMS 0x0000000706e00000, 0x0000000706e00000| Untracked 
|  85|0x0000000706f00000, 0x0000000706f00000, 0x0000000707000000|  0%| F|  |TAMS 0x0000000706f00000, 0x0000000706f00000| Untracked 
|  86|0x0000000707000000, 0x0000000707000000, 0x0000000707100000|  0%| F|  |TAMS 0x0000000707000000, 0x0000000707000000| Untracked 
|  87|0x0000000707100000, 0x0000000707100000, 0x0000000707200000|  0%| F|  |TAMS 0x0000000707100000, 0x0000000707100000| Untracked 
|  88|0x0000000707200000, 0x0000000707200000, 0x0000000707300000|  0%| F|  |TAMS 0x0000000707200000, 0x0000000707200000| Untracked 
|  89|0x0000000707300000, 0x0000000707300000, 0x0000000707400000|  0%| F|  |TAMS 0x0000000707300000, 0x0000000707300000| Untracked 
|  90|0x0000000707400000, 0x0000000707400000, 0x0000000707500000|  0%| F|  |TAMS 0x0000000707400000, 0x0000000707400000| Untracked 
|  91|0x0000000707500000, 0x0000000707500000, 0x0000000707600000|  0%| F|  |TAMS 0x0000000707500000, 0x0000000707500000| Untracked 
|  92|0x0000000707600000, 0x0000000707600000, 0x0000000707700000|  0%| F|  |TAMS 0x0000000707600000, 0x0000000707600000| Untracked 
|  93|0x0000000707700000, 0x0000000707700000, 0x0000000707800000|  0%| F|  |TAMS 0x0000000707700000, 0x0000000707700000| Untracked 
|  94|0x0000000707800000, 0x0000000707800000, 0x0000000707900000|  0%| F|  |TAMS 0x0000000707800000, 0x0000000707800000| Untracked 
|  95|0x0000000707900000, 0x0000000707900000, 0x0000000707a00000|  0%| F|  |TAMS 0x0000000707900000, 0x0000000707900000| Untracked 
|  96|0x0000000707a00000, 0x0000000707a00000, 0x0000000707b00000|  0%| F|  |TAMS 0x0000000707a00000, 0x0000000707a00000| Untracked 
|  97|0x0000000707b00000, 0x0000000707b00000, 0x0000000707c00000|  0%| F|  |TAMS 0x0000000707b00000, 0x0000000707b00000| Untracked 
|  98|0x0000000707c00000, 0x0000000707c00000, 0x0000000707d00000|  0%| F|  |TAMS 0x0000000707c00000, 0x0000000707c00000| Untracked 
|  99|0x0000000707d00000, 0x0000000707d00000, 0x0000000707e00000|  0%| F|  |TAMS 0x0000000707d00000, 0x0000000707d00000| Untracked 
| 100|0x0000000707e00000, 0x0000000707e00000, 0x0000000707f00000|  0%| F|  |TAMS 0x0000000707e00000, 0x0000000707e00000| Untracked 
| 101|0x0000000707f00000, 0x0000000707f00000, 0x0000000708000000|  0%| F|  |TAMS 0x0000000707f00000, 0x0000000707f00000| Untracked 
| 102|0x0000000708000000, 0x0000000708000000, 0x0000000708100000|  0%| F|  |TAMS 0x0000000708000000, 0x0000000708000000| Untracked 
| 103|0x0000000708100000, 0x0000000708100000, 0x0000000708200000|  0%| F|  |TAMS 0x0000000708100000, 0x0000000708100000| Untracked 
| 104|0x0000000708200000, 0x0000000708200000, 0x0000000708300000|  0%| F|  |TAMS 0x0000000708200000, 0x0000000708200000| Untracked 
| 105|0x0000000708300000, 0x0000000708300000, 0x0000000708400000|  0%| F|  |TAMS 0x0000000708300000, 0x0000000708300000| Untracked 
| 106|0x0000000708400000, 0x0000000708400000, 0x0000000708500000|  0%| F|  |TAMS 0x0000000708400000, 0x0000000708400000| Untracked 
| 107|0x0000000708500000, 0x0000000708500000, 0x0000000708600000|  0%| F|  |TAMS 0x0000000708500000, 0x0000000708500000| Untracked 
| 108|0x0000000708600000, 0x0000000708600000, 0x0000000708700000|  0%| F|  |TAMS 0x0000000708600000, 0x0000000708600000| Untracked 
| 109|0x0000000708700000, 0x0000000708700000, 0x0000000708800000|  0%| F|  |TAMS 0x0000000708700000, 0x0000000708700000| Untracked 
| 110|0x0000000708800000, 0x0000000708800000, 0x0000000708900000|  0%| F|  |TAMS 0x0000000708800000, 0x0000000708800000| Untracked 
| 111|0x0000000708900000, 0x0000000708900000, 0x0000000708a00000|  0%| F|  |TAMS 0x0000000708900000, 0x0000000708900000| Untracked 
| 112|0x0000000708a00000, 0x0000000708a00000, 0x0000000708b00000|  0%| F|  |TAMS 0x0000000708a00000, 0x0000000708a00000| Untracked 
| 113|0x0000000708b00000, 0x0000000708b00000, 0x0000000708c00000|  0%| F|  |TAMS 0x0000000708b00000, 0x0000000708b00000| Untracked 
| 114|0x0000000708c00000, 0x0000000708c00000, 0x0000000708d00000|  0%| F|  |TAMS 0x0000000708c00000, 0x0000000708c00000| Untracked 
| 115|0x0000000708d00000, 0x0000000708d00000, 0x0000000708e00000|  0%| F|  |TAMS 0x0000000708d00000, 0x0000000708d00000| Untracked 
| 116|0x0000000708e00000, 0x0000000708e00000, 0x0000000708f00000|  0%| F|  |TAMS 0x0000000708e00000, 0x0000000708e00000| Untracked 
| 117|0x0000000708f00000, 0x0000000708f00000, 0x0000000709000000|  0%| F|  |TAMS 0x0000000708f00000, 0x0000000708f00000| Untracked 
| 118|0x0000000709000000, 0x0000000709000000, 0x0000000709100000|  0%| F|  |TAMS 0x0000000709000000, 0x0000000709000000| Untracked 
| 119|0x0000000709100000, 0x0000000709100000, 0x0000000709200000|  0%| F|  |TAMS 0x0000000709100000, 0x0000000709100000| Untracked 
| 120|0x0000000709200000, 0x0000000709200000, 0x0000000709300000|  0%| F|  |TAMS 0x0000000709200000, 0x0000000709200000| Untracked 
| 121|0x0000000709300000, 0x0000000709300000, 0x0000000709400000|  0%| F|  |TAMS 0x0000000709300000, 0x0000000709300000| Untracked 
| 122|0x0000000709400000, 0x0000000709400000, 0x0000000709500000|  0%| F|  |TAMS 0x0000000709400000, 0x0000000709400000| Untracked 
| 123|0x0000000709500000, 0x0000000709500000, 0x0000000709600000|  0%| F|  |TAMS 0x0000000709500000, 0x0000000709500000| Untracked 
| 124|0x0000000709600000, 0x0000000709600000, 0x0000000709700000|  0%| F|  |TAMS 0x0000000709600000, 0x0000000709600000| Untracked 
| 125|0x0000000709700000, 0x0000000709700000, 0x0000000709800000|  0%| F|  |TAMS 0x0000000709700000, 0x0000000709700000| Untracked 
| 126|0x0000000709800000, 0x0000000709800000, 0x0000000709900000|  0%| F|  |TAMS 0x0000000709800000, 0x0000000709800000| Untracked 
| 127|0x0000000709900000, 0x0000000709900000, 0x0000000709a00000|  0%| F|  |TAMS 0x0000000709900000, 0x0000000709900000| Untracked 
| 128|0x0000000709a00000, 0x0000000709a00000, 0x0000000709b00000|  0%| F|  |TAMS 0x0000000709a00000, 0x0000000709a00000| Untracked 
| 129|0x0000000709b00000, 0x0000000709b00000, 0x0000000709c00000|  0%| F|  |TAMS 0x0000000709b00000, 0x0000000709b00000| Untracked 
| 130|0x0000000709c00000, 0x0000000709c00000, 0x0000000709d00000|  0%| F|  |TAMS 0x0000000709c00000, 0x0000000709c00000| Untracked 
| 131|0x0000000709d00000, 0x0000000709d00000, 0x0000000709e00000|  0%| F|  |TAMS 0x0000000709d00000, 0x0000000709d00000| Untracked 
| 132|0x0000000709e00000, 0x0000000709e00000, 0x0000000709f00000|  0%| F|  |TAMS 0x0000000709e00000, 0x0000000709e00000| Untracked 
| 133|0x0000000709f00000, 0x0000000709f00000, 0x000000070a000000|  0%| F|  |TAMS 0x0000000709f00000, 0x0000000709f00000| Untracked 
| 134|0x000000070a000000, 0x000000070a000000, 0x000000070a100000|  0%| F|  |TAMS 0x000000070a000000, 0x000000070a000000| Untracked 
| 135|0x000000070a100000, 0x000000070a100000, 0x000000070a200000|  0%| F|  |TAMS 0x000000070a100000, 0x000000070a100000| Untracked 
| 136|0x000000070a200000, 0x000000070a200000, 0x000000070a300000|  0%| F|  |TAMS 0x000000070a200000, 0x000000070a200000| Untracked 
| 137|0x000000070a300000, 0x000000070a300000, 0x000000070a400000|  0%| F|  |TAMS 0x000000070a300000, 0x000000070a300000| Untracked 
| 138|0x000000070a400000, 0x000000070a400000, 0x000000070a500000|  0%| F|  |TAMS 0x000000070a400000, 0x000000070a400000| Untracked 
| 139|0x000000070a500000, 0x000000070a500000, 0x000000070a600000|  0%| F|  |TAMS 0x000000070a500000, 0x000000070a500000| Untracked 
| 140|0x000000070a600000, 0x000000070a600000, 0x000000070a700000|  0%| F|  |TAMS 0x000000070a600000, 0x000000070a600000| Untracked 
| 141|0x000000070a700000, 0x000000070a700000, 0x000000070a800000|  0%| F|  |TAMS 0x000000070a700000, 0x000000070a700000| Untracked 
| 142|0x000000070a800000, 0x000000070a800000, 0x000000070a900000|  0%| F|  |TAMS 0x000000070a800000, 0x000000070a800000| Untracked 
| 143|0x000000070a900000, 0x000000070a900000, 0x000000070aa00000|  0%| F|  |TAMS 0x000000070a900000, 0x000000070a900000| Untracked 
| 144|0x000000070aa00000, 0x000000070aa00000, 0x000000070ab00000|  0%| F|  |TAMS 0x000000070aa00000, 0x000000070aa00000| Untracked 
| 145|0x000000070ab00000, 0x000000070ab00000, 0x000000070ac00000|  0%| F|  |TAMS 0x000000070ab00000, 0x000000070ab00000| Untracked 
| 146|0x000000070ac00000, 0x000000070ac00000, 0x000000070ad00000|  0%| F|  |TAMS 0x000000070ac00000, 0x000000070ac00000| Untracked 
| 147|0x000000070ad00000, 0x000000070ad00000, 0x000000070ae00000|  0%| F|  |TAMS 0x000000070ad00000, 0x000000070ad00000| Untracked 
| 148|0x000000070ae00000, 0x000000070ae00000, 0x000000070af00000|  0%| F|  |TAMS 0x000000070ae00000, 0x000000070ae00000| Untracked 
| 149|0x000000070af00000, 0x000000070af00000, 0x000000070b000000|  0%| F|  |TAMS 0x000000070af00000, 0x000000070af00000| Untracked 
| 150|0x000000070b000000, 0x000000070b000000, 0x000000070b100000|  0%| F|  |TAMS 0x000000070b000000, 0x000000070b000000| Untracked 
| 151|0x000000070b100000, 0x000000070b100000, 0x000000070b200000|  0%| F|  |TAMS 0x000000070b100000, 0x000000070b100000| Untracked 
| 152|0x000000070b200000, 0x000000070b200000, 0x000000070b300000|  0%| F|  |TAMS 0x000000070b200000, 0x000000070b200000| Untracked 
| 153|0x000000070b300000, 0x000000070b300000, 0x000000070b400000|  0%| F|  |TAMS 0x000000070b300000, 0x000000070b300000| Untracked 
| 154|0x000000070b400000, 0x000000070b400000, 0x000000070b500000|  0%| F|  |TAMS 0x000000070b400000, 0x000000070b400000| Untracked 
| 155|0x000000070b500000, 0x000000070b500000, 0x000000070b600000|  0%| F|  |TAMS 0x000000070b500000, 0x000000070b500000| Untracked 
| 156|0x000000070b600000, 0x000000070b600000, 0x000000070b700000|  0%| F|  |TAMS 0x000000070b600000, 0x000000070b600000| Untracked 
| 157|0x000000070b700000, 0x000000070b700000, 0x000000070b800000|  0%| F|  |TAMS 0x000000070b700000, 0x000000070b700000| Untracked 
| 158|0x000000070b800000, 0x000000070b800000, 0x000000070b900000|  0%| F|  |TAMS 0x000000070b800000, 0x000000070b800000| Untracked 
| 159|0x000000070b900000, 0x000000070b900000, 0x000000070ba00000|  0%| F|  |TAMS 0x000000070b900000, 0x000000070b900000| Untracked 
| 160|0x000000070ba00000, 0x000000070ba00000, 0x000000070bb00000|  0%| F|  |TAMS 0x000000070ba00000, 0x000000070ba00000| Untracked 
| 161|0x000000070bb00000, 0x000000070bb00000, 0x000000070bc00000|  0%| F|  |TAMS 0x000000070bb00000, 0x000000070bb00000| Untracked 
| 162|0x000000070bc00000, 0x000000070bc00000, 0x000000070bd00000|  0%| F|  |TAMS 0x000000070bc00000, 0x000000070bc00000| Untracked 
| 163|0x000000070bd00000, 0x000000070bd00000, 0x000000070be00000|  0%| F|  |TAMS 0x000000070bd00000, 0x000000070bd00000| Untracked 
| 164|0x000000070be00000, 0x000000070be00000, 0x000000070bf00000|  0%| F|  |TAMS 0x000000070be00000, 0x000000070be00000| Untracked 
| 165|0x000000070bf00000, 0x000000070bf71388, 0x000000070c000000| 44%| S|CS|TAMS 0x000000070bf00000, 0x000000070bf00000| Complete 
| 166|0x000000070c000000, 0x000000070c100000, 0x000000070c100000|100%| S|CS|TAMS 0x000000070c000000, 0x000000070c000000| Complete 
| 167|0x000000070c100000, 0x000000070c200000, 0x000000070c200000|100%| S|CS|TAMS 0x000000070c100000, 0x000000070c100000| Complete 
| 168|0x000000070c200000, 0x000000070c300000, 0x000000070c300000|100%| S|CS|TAMS 0x000000070c200000, 0x000000070c200000| Complete 
| 169|0x000000070c300000, 0x000000070c400000, 0x000000070c400000|100%| S|CS|TAMS 0x000000070c300000, 0x000000070c300000| Complete 
| 170|0x000000070c400000, 0x000000070c500000, 0x000000070c500000|100%| S|CS|TAMS 0x000000070c400000, 0x000000070c400000| Complete 
| 171|0x000000070c500000, 0x000000070c600000, 0x000000070c600000|100%| S|CS|TAMS 0x000000070c500000, 0x000000070c500000| Complete 
| 172|0x000000070c600000, 0x000000070c700000, 0x000000070c700000|100%| S|CS|TAMS 0x000000070c600000, 0x000000070c600000| Complete 
| 173|0x000000070c700000, 0x000000070c800000, 0x000000070c800000|100%| S|CS|TAMS 0x000000070c700000, 0x000000070c700000| Complete 
| 174|0x000000070c800000, 0x000000070c800000, 0x000000070c900000|  0%| F|  |TAMS 0x000000070c800000, 0x000000070c800000| Untracked 
| 175|0x000000070c900000, 0x000000070c900000, 0x000000070ca00000|  0%| F|  |TAMS 0x000000070c900000, 0x000000070c900000| Untracked 
| 176|0x000000070ca00000, 0x000000070ca00000, 0x000000070cb00000|  0%| F|  |TAMS 0x000000070ca00000, 0x000000070ca00000| Untracked 
| 177|0x000000070cb00000, 0x000000070cb00000, 0x000000070cc00000|  0%| F|  |TAMS 0x000000070cb00000, 0x000000070cb00000| Untracked 
| 178|0x000000070cc00000, 0x000000070cc00000, 0x000000070cd00000|  0%| F|  |TAMS 0x000000070cc00000, 0x000000070cc00000| Untracked 
| 179|0x000000070cd00000, 0x000000070cd00000, 0x000000070ce00000|  0%| F|  |TAMS 0x000000070cd00000, 0x000000070cd00000| Untracked 
| 180|0x000000070ce00000, 0x000000070ce00000, 0x000000070cf00000|  0%| F|  |TAMS 0x000000070ce00000, 0x000000070ce00000| Untracked 
| 181|0x000000070cf00000, 0x000000070cf00000, 0x000000070d000000|  0%| F|  |TAMS 0x000000070cf00000, 0x000000070cf00000| Untracked 
| 182|0x000000070d000000, 0x000000070d000000, 0x000000070d100000|  0%| F|  |TAMS 0x000000070d000000, 0x000000070d000000| Untracked 
| 183|0x000000070d100000, 0x000000070d100000, 0x000000070d200000|  0%| F|  |TAMS 0x000000070d100000, 0x000000070d100000| Untracked 
| 184|0x000000070d200000, 0x000000070d200000, 0x000000070d300000|  0%| F|  |TAMS 0x000000070d200000, 0x000000070d200000| Untracked 
| 185|0x000000070d300000, 0x000000070d300000, 0x000000070d400000|  0%| F|  |TAMS 0x000000070d300000, 0x000000070d300000| Untracked 
| 186|0x000000070d400000, 0x000000070d400000, 0x000000070d500000|  0%| F|  |TAMS 0x000000070d400000, 0x000000070d400000| Untracked 
| 187|0x000000070d500000, 0x000000070d500000, 0x000000070d600000|  0%| F|  |TAMS 0x000000070d500000, 0x000000070d500000| Untracked 
| 188|0x000000070d600000, 0x000000070d600000, 0x000000070d700000|  0%| F|  |TAMS 0x000000070d600000, 0x000000070d600000| Untracked 
| 189|0x000000070d700000, 0x000000070d700000, 0x000000070d800000|  0%| F|  |TAMS 0x000000070d700000, 0x000000070d700000| Untracked 
| 190|0x000000070d800000, 0x000000070d800000, 0x000000070d900000|  0%| F|  |TAMS 0x000000070d800000, 0x000000070d800000| Untracked 
| 191|0x000000070d900000, 0x000000070d900000, 0x000000070da00000|  0%| F|  |TAMS 0x000000070d900000, 0x000000070d900000| Untracked 
| 192|0x000000070da00000, 0x000000070da00000, 0x000000070db00000|  0%| F|  |TAMS 0x000000070da00000, 0x000000070da00000| Untracked 
| 193|0x000000070db00000, 0x000000070db00800, 0x000000070dc00000|  0%| E|  |TAMS 0x000000070db00000, 0x000000070db00000| Complete 
| 194|0x000000070dc00000, 0x000000070dd00000, 0x000000070dd00000|100%| E|CS|TAMS 0x000000070dc00000, 0x000000070dc00000| Complete 
| 195|0x000000070dd00000, 0x000000070de00000, 0x000000070de00000|100%| E|CS|TAMS 0x000000070dd00000, 0x000000070dd00000| Complete 
| 196|0x000000070de00000, 0x000000070df00000, 0x000000070df00000|100%| E|CS|TAMS 0x000000070de00000, 0x000000070de00000| Complete 
| 197|0x000000070df00000, 0x000000070e000000, 0x000000070e000000|100%| E|CS|TAMS 0x000000070df00000, 0x000000070df00000| Complete 
| 198|0x000000070e000000, 0x000000070e100000, 0x000000070e100000|100%| E|CS|TAMS 0x000000070e000000, 0x000000070e000000| Complete 
| 199|0x000000070e100000, 0x000000070e200000, 0x000000070e200000|100%| E|CS|TAMS 0x000000070e100000, 0x000000070e100000| Complete 
| 200|0x000000070e200000, 0x000000070e300000, 0x000000070e300000|100%| E|CS|TAMS 0x000000070e200000, 0x000000070e200000| Complete 
| 201|0x000000070e300000, 0x000000070e400000, 0x000000070e400000|100%| E|CS|TAMS 0x000000070e300000, 0x000000070e300000| Complete 
| 202|0x000000070e400000, 0x000000070e500000, 0x000000070e500000|100%| E|CS|TAMS 0x000000070e400000, 0x000000070e400000| Complete 
| 203|0x000000070e500000, 0x000000070e600000, 0x000000070e600000|100%| E|CS|TAMS 0x000000070e500000, 0x000000070e500000| Complete 
| 204|0x000000070e600000, 0x000000070e700000, 0x000000070e700000|100%| E|CS|TAMS 0x000000070e600000, 0x000000070e600000| Complete 
| 205|0x000000070e700000, 0x000000070e800000, 0x000000070e800000|100%| E|CS|TAMS 0x000000070e700000, 0x000000070e700000| Complete 
| 206|0x000000070e800000, 0x000000070e900000, 0x000000070e900000|100%| E|CS|TAMS 0x000000070e800000, 0x000000070e800000| Complete 
| 207|0x000000070e900000, 0x000000070ea00000, 0x000000070ea00000|100%| E|CS|TAMS 0x000000070e900000, 0x000000070e900000| Complete 
| 208|0x000000070ea00000, 0x000000070eb00000, 0x000000070eb00000|100%| E|CS|TAMS 0x000000070ea00000, 0x000000070ea00000| Complete 
| 209|0x000000070eb00000, 0x000000070ec00000, 0x000000070ec00000|100%| E|CS|TAMS 0x000000070eb00000, 0x000000070eb00000| Complete 
| 210|0x000000070ec00000, 0x000000070ed00000, 0x000000070ed00000|100%| E|CS|TAMS 0x000000070ec00000, 0x000000070ec00000| Complete 
| 211|0x000000070ed00000, 0x000000070ee00000, 0x000000070ee00000|100%| E|CS|TAMS 0x000000070ed00000, 0x000000070ed00000| Complete 
| 212|0x000000070ee00000, 0x000000070ef00000, 0x000000070ef00000|100%| E|CS|TAMS 0x000000070ee00000, 0x000000070ee00000| Complete 
| 213|0x000000070ef00000, 0x000000070f000000, 0x000000070f000000|100%| E|CS|TAMS 0x000000070ef00000, 0x000000070ef00000| Complete 
| 214|0x000000070f000000, 0x000000070f100000, 0x000000070f100000|100%| E|CS|TAMS 0x000000070f000000, 0x000000070f000000| Complete 
| 215|0x000000070f100000, 0x000000070f200000, 0x000000070f200000|100%| E|CS|TAMS 0x000000070f100000, 0x000000070f100000| Complete 
| 216|0x000000070f200000, 0x000000070f300000, 0x000000070f300000|100%| E|CS|TAMS 0x000000070f200000, 0x000000070f200000| Complete 
| 217|0x000000070f300000, 0x000000070f400000, 0x000000070f400000|100%| E|CS|TAMS 0x000000070f300000, 0x000000070f300000| Complete 
| 218|0x000000070f400000, 0x000000070f500000, 0x000000070f500000|100%| E|CS|TAMS 0x000000070f400000, 0x000000070f400000| Complete 
| 219|0x000000070f500000, 0x000000070f600000, 0x000000070f600000|100%| E|CS|TAMS 0x000000070f500000, 0x000000070f500000| Complete 
| 220|0x000000070f600000, 0x000000070f700000, 0x000000070f700000|100%| E|CS|TAMS 0x000000070f600000, 0x000000070f600000| Complete 
| 221|0x000000070f700000, 0x000000070f800000, 0x000000070f800000|100%| E|CS|TAMS 0x000000070f700000, 0x000000070f700000| Complete 
| 222|0x000000070f800000, 0x000000070f900000, 0x000000070f900000|100%| E|CS|TAMS 0x000000070f800000, 0x000000070f800000| Complete 
| 223|0x000000070f900000, 0x000000070fa00000, 0x000000070fa00000|100%| E|CS|TAMS 0x000000070f900000, 0x000000070f900000| Complete 
| 224|0x000000070fa00000, 0x000000070fb00000, 0x000000070fb00000|100%| E|CS|TAMS 0x000000070fa00000, 0x000000070fa00000| Complete 
| 225|0x000000070fb00000, 0x000000070fc00000, 0x000000070fc00000|100%| E|CS|TAMS 0x000000070fb00000, 0x000000070fb00000| Complete 
| 226|0x000000070fc00000, 0x000000070fd00000, 0x000000070fd00000|100%| E|CS|TAMS 0x000000070fc00000, 0x000000070fc00000| Complete 
| 227|0x000000070fd00000, 0x000000070fe00000, 0x000000070fe00000|100%| E|CS|TAMS 0x000000070fd00000, 0x000000070fd00000| Complete 
| 228|0x000000070fe00000, 0x000000070ff00000, 0x000000070ff00000|100%| E|CS|TAMS 0x000000070fe00000, 0x000000070fe00000| Complete 
| 229|0x000000070ff00000, 0x0000000710000000, 0x0000000710000000|100%| E|CS|TAMS 0x000000070ff00000, 0x000000070ff00000| Complete 
| 230|0x0000000710000000, 0x0000000710100000, 0x0000000710100000|100%| E|CS|TAMS 0x0000000710000000, 0x0000000710000000| Complete 
| 231|0x0000000710100000, 0x0000000710200000, 0x0000000710200000|100%| E|CS|TAMS 0x0000000710100000, 0x0000000710100000| Complete 
| 232|0x0000000710200000, 0x0000000710300000, 0x0000000710300000|100%| E|CS|TAMS 0x0000000710200000, 0x0000000710200000| Complete 
| 233|0x0000000710300000, 0x0000000710400000, 0x0000000710400000|100%| E|CS|TAMS 0x0000000710300000, 0x0000000710300000| Complete 
| 234|0x0000000710400000, 0x0000000710500000, 0x0000000710500000|100%| E|CS|TAMS 0x0000000710400000, 0x0000000710400000| Complete 
| 235|0x0000000710500000, 0x0000000710600000, 0x0000000710600000|100%| E|CS|TAMS 0x0000000710500000, 0x0000000710500000| Complete 
| 236|0x0000000710600000, 0x0000000710700000, 0x0000000710700000|100%| E|CS|TAMS 0x0000000710600000, 0x0000000710600000| Complete 
| 237|0x0000000710700000, 0x0000000710800000, 0x0000000710800000|100%| E|CS|TAMS 0x0000000710700000, 0x0000000710700000| Complete 
| 238|0x0000000710800000, 0x0000000710900000, 0x0000000710900000|100%| E|CS|TAMS 0x0000000710800000, 0x0000000710800000| Complete 
| 239|0x0000000710900000, 0x0000000710a00000, 0x0000000710a00000|100%| E|CS|TAMS 0x0000000710900000, 0x0000000710900000| Complete 
| 240|0x0000000710a00000, 0x0000000710b00000, 0x0000000710b00000|100%| E|CS|TAMS 0x0000000710a00000, 0x0000000710a00000| Complete 
| 241|0x0000000710b00000, 0x0000000710c00000, 0x0000000710c00000|100%| E|CS|TAMS 0x0000000710b00000, 0x0000000710b00000| Complete 
| 242|0x0000000710c00000, 0x0000000710d00000, 0x0000000710d00000|100%| E|CS|TAMS 0x0000000710c00000, 0x0000000710c00000| Complete 
| 243|0x0000000710d00000, 0x0000000710e00000, 0x0000000710e00000|100%| E|CS|TAMS 0x0000000710d00000, 0x0000000710d00000| Complete 
| 244|0x0000000710e00000, 0x0000000710f00000, 0x0000000710f00000|100%| E|CS|TAMS 0x0000000710e00000, 0x0000000710e00000| Complete 
| 245|0x0000000710f00000, 0x0000000711000000, 0x0000000711000000|100%| E|CS|TAMS 0x0000000710f00000, 0x0000000710f00000| Complete 
| 246|0x0000000711000000, 0x0000000711100000, 0x0000000711100000|100%| E|CS|TAMS 0x0000000711000000, 0x0000000711000000| Complete 
| 247|0x0000000711100000, 0x0000000711200000, 0x0000000711200000|100%| E|CS|TAMS 0x0000000711100000, 0x0000000711100000| Complete 
| 248|0x0000000711200000, 0x0000000711300000, 0x0000000711300000|100%| E|CS|TAMS 0x0000000711200000, 0x0000000711200000| Complete 
| 249|0x0000000711300000, 0x0000000711400000, 0x0000000711400000|100%| E|CS|TAMS 0x0000000711300000, 0x0000000711300000| Complete 
| 250|0x0000000711400000, 0x0000000711500000, 0x0000000711500000|100%| E|CS|TAMS 0x0000000711400000, 0x0000000711400000| Complete 
| 251|0x0000000711500000, 0x0000000711600000, 0x0000000711600000|100%| E|CS|TAMS 0x0000000711500000, 0x0000000711500000| Complete 
| 252|0x0000000711600000, 0x0000000711700000, 0x0000000711700000|100%| E|CS|TAMS 0x0000000711600000, 0x0000000711600000| Complete 
| 253|0x0000000711700000, 0x0000000711800000, 0x0000000711800000|100%| E|CS|TAMS 0x0000000711700000, 0x0000000711700000| Complete 
| 254|0x0000000711800000, 0x0000000711900000, 0x0000000711900000|100%| E|CS|TAMS 0x0000000711800000, 0x0000000711800000| Complete 
| 255|0x0000000711900000, 0x0000000711a00000, 0x0000000711a00000|100%| E|CS|TAMS 0x0000000711900000, 0x0000000711900000| Complete 

Card table byte_map: [0x0000024072150000,0x0000024072950000] _byte_map_base: 0x000002406e943000

Marking Bits (Prev, Next): (CMBitMap*) 0x000002406861fa30, (CMBitMap*) 0x000002406861f9f8
 Prev Bits: [0x00000240770f0000, 0x000002407b088000)
 Next Bits: [0x0000024073150000, 0x00000240770e8000)

Polling page: 0x0000024066510000

Metaspace:

Usage:
  Non-class:     52.55 MB capacity,    50.66 MB ( 96%) used,     1.71 MB (  3%) free+waste,   189.25 KB ( <1%) overhead. 
      Class:      8.12 MB capacity,     6.55 MB ( 81%) used,     1.48 MB ( 18%) free+waste,    91.38 KB (  1%) overhead. 
       Both:     60.67 MB capacity,    57.21 MB ( 94%) used,     3.18 MB (  5%) free+waste,   280.63 KB ( <1%) overhead. 

Virtual space:
  Non-class space:       54.00 MB reserved,      52.71 MB ( 98%) committed 
      Class space:        1.00 GB reserved,       8.13 MB ( <1%) committed 
             Both:        1.05 GB reserved,      60.83 MB (  6%) committed 

Chunk freelists:
   Non-Class:  35.00 KB
       Class:  3.00 KB
        Both:  38.00 KB

MaxMetaspaceSize: 17179869184.00 GB
CompressedClassSpaceSize: 1.00 GB

CodeHeap 'non-profiled nmethods': size=120000Kb used=3549Kb max_used=3549Kb free=116450Kb
 bounds [0x0000024007ad0000, 0x0000024007e50000, 0x000002400f000000]
CodeHeap 'profiled nmethods': size=120000Kb used=14164Kb max_used=14164Kb free=105835Kb
 bounds [0x00000240005a0000, 0x0000024001380000, 0x0000024007ad0000]
CodeHeap 'non-nmethods': size=5760Kb used=1420Kb max_used=1456Kb free=4339Kb
 bounds [0x0000024000000000, 0x0000024000270000, 0x00000240005a0000]
 total_blobs=6775 nmethods=5897 adapters=788
 compilation: enabled
              stopped_count=0, restarted_count=0
 full_count=0

Compilation events (20 events):
Event: 5.668 Thread 0x000002407e758800 nmethod 5929 0x000002400135dc90 code [0x000002400135de80, 0x000002400135e218]
Event: 5.668 Thread 0x000002407e758800 5933       3       com.st.microxplorer.altova.db.IP_Modes.RefParameterType$MemberElement_Description::first (19 bytes)
Event: 5.668 Thread 0x000002407e758800 nmethod 5933 0x000002400135e390 code [0x000002400135e580, 0x000002400135ea88]
Event: 5.668 Thread 0x000002407e758800 5930       1       com.st.microxplorer.mcu.RefParameter::setMode (6 bytes)
Event: 5.668 Thread 0x000002407e758800 nmethod 5930 0x0000024007e43a90 code [0x0000024007e43c40, 0x0000024007e43d58]
Event: 5.668 Thread 0x000002407e758800 5893       1       com.st.microxplorer.mcu.Mode::getParentMode (5 bytes)
Event: 5.668 Thread 0x000002407e758800 nmethod 5893 0x0000024007e43e10 code [0x0000024007e43fc0, 0x0000024007e44078]
Event: 5.669 Thread 0x000002407e758800 5894       1       com.st.microxplorer.mcu.Mode::getSubModeLogicOperator (5 bytes)
Event: 5.669 Thread 0x000002407e758800 nmethod 5894 0x0000024007e44110 code [0x0000024007e442c0, 0x0000024007e44378]
Event: 5.669 Thread 0x000002407e758800 5907       1       com.sun.org.apache.xerces.internal.util.URI::getScheme (5 bytes)
Event: 5.669 Thread 0x000002407e758800 nmethod 5907 0x0000024007e44410 code [0x0000024007e445c0, 0x0000024007e44678]
Event: 5.669 Thread 0x000002407e758800 5934       3       com.st.microxplorer.altova.db.IP_Modes.RefParameterType$MemberAttribute_TabName::getValue (22 bytes)
Event: 5.669 Thread 0x000002407e758800 nmethod 5934 0x000002400135ec90 code [0x000002400135eee0, 0x000002400135f798]
Event: 5.670 Thread 0x000002407e758800 5936       3       com.st.microxplorer.altova.db.IP_Modes.RefParameterType$MemberAttribute_Mode::getValue (22 bytes)
Event: 5.671 Thread 0x000002407e758800 nmethod 5936 0x000002400135fb10 code [0x000002400135fd60, 0x0000024001360618]
Event: 5.673 Thread 0x000002407e758800 5939       3       com.st.microxplorer.altova.db.IP_Modes.RefParameterType$MemberAttribute_Visible::getValue (22 bytes)
Event: 5.673 Thread 0x000002407e758800 nmethod 5939 0x0000024001360990 code [0x0000024001360be0, 0x0000024001361488]
Event: 5.679 Thread 0x000002407e758800 5940       3       com.st.microxplorer.altova.db.IP_Modes.ParameterType$MemberElement_PossibleValue$MemberElement_PossibleValue_Iterator::hasNext (44 bytes)
Event: 5.679 Thread 0x000002407e758800 nmethod 5940 0x0000024001361810 code [0x0000024001361a00, 0x0000024001361d98]
Event: 5.680 Thread 0x000002407e758800 5942       3       com.st.microxplorer.mcu.IP::isRefParamDuplicated (368 bytes)

GC Heap History (14 events):
Event: 1.028 GC heap before
{Heap before GC invocations=0 (full 0):
 garbage-first heap   total 262144K, used 27648K [0x0000000701a00000, 0x0000000800000000)
  region size 1024K, 24 young (24576K), 0 survivors (0K)
 Metaspace       used 20665K, capacity 21230K, committed 21296K, reserved 1069056K
  class space    used 2144K, capacity 2414K, committed 2432K, reserved 1048576K
}
Event: 1.036 GC heap after
{Heap after GC invocations=1 (full 0):
 garbage-first heap   total 262144K, used 8627K [0x0000000701a00000, 0x0000000800000000)
  region size 1024K, 3 young (3072K), 3 survivors (3072K)
 Metaspace       used 20665K, capacity 21230K, committed 21296K, reserved 1069056K
  class space    used 2144K, capacity 2414K, committed 2432K, reserved 1048576K
}
Event: 1.288 GC heap before
{Heap before GC invocations=2 (full 0):
 garbage-first heap   total 262144K, used 18867K [0x0000000701a00000, 0x0000000800000000)
  region size 1024K, 13 young (13312K), 3 survivors (3072K)
 Metaspace       used 25533K, capacity 26253K, committed 26416K, reserved 1073152K
  class space    used 2872K, capacity 3156K, committed 3200K, reserved 1048576K
}
Event: 1.291 GC heap after
{Heap after GC invocations=3 (full 0):
 garbage-first heap   total 262144K, used 10908K [0x0000000701a00000, 0x0000000800000000)
  region size 1024K, 2 young (2048K), 2 survivors (2048K)
 Metaspace       used 25533K, capacity 26253K, committed 26416K, reserved 1073152K
  class space    used 2872K, capacity 3156K, committed 3200K, reserved 1048576K
}
Event: 1.742 GC heap before
{Heap before GC invocations=3 (full 0):
 garbage-first heap   total 262144K, used 45724K [0x0000000701a00000, 0x0000000800000000)
  region size 1024K, 38 young (38912K), 2 survivors (2048K)
 Metaspace       used 34469K, capacity 35782K, committed 35920K, reserved 1081344K
  class space    used 3713K, capacity 4273K, committed 4352K, reserved 1048576K
}
Event: 1.747 GC heap after
{Heap after GC invocations=4 (full 0):
 garbage-first heap   total 262144K, used 15492K [0x0000000701a00000, 0x0000000800000000)
  region size 1024K, 6 young (6144K), 6 survivors (6144K)
 Metaspace       used 34469K, capacity 35782K, committed 35920K, reserved 1081344K
  class space    used 3713K, capacity 4273K, committed 4352K, reserved 1048576K
}
Event: 2.509 GC heap before
{Heap before GC invocations=5 (full 0):
 garbage-first heap   total 262144K, used 72836K [0x0000000701a00000, 0x0000000800000000)
  region size 1024K, 58 young (59392K), 6 survivors (6144K)
 Metaspace       used 46122K, capacity 49255K, committed 49616K, reserved 1091584K
  class space    used 5222K, capacity 6670K, committed 6784K, reserved 1048576K
}
Event: 2.514 GC heap after
{Heap after GC invocations=6 (full 0):
 garbage-first heap   total 262144K, used 21393K [0x0000000701a00000, 0x0000000800000000)
  region size 1024K, 8 young (8192K), 8 survivors (8192K)
 Metaspace       used 46122K, capacity 49255K, committed 49616K, reserved 1091584K
  class space    used 5222K, capacity 6670K, committed 6784K, reserved 1048576K
}
Event: 5.013 GC heap before
{Heap before GC invocations=6 (full 0):
 garbage-first heap   total 262144K, used 151441K [0x0000000701a00000, 0x0000000800000000)
  region size 1024K, 87 young (89088K), 8 survivors (8192K)
 Metaspace       used 54970K, capacity 58457K, committed 58704K, reserved 1099776K
  class space    used 6324K, capacity 7886K, committed 7936K, reserved 1048576K
}
Event: 5.019 GC heap after
{Heap after GC invocations=7 (full 0):
 garbage-first heap   total 262144K, used 71052K [0x0000000701a00000, 0x0000000800000000)
  region size 1024K, 11 young (11264K), 11 survivors (11264K)
 Metaspace       used 54970K, capacity 58457K, committed 58704K, reserved 1099776K
  class space    used 6324K, capacity 7886K, committed 7936K, reserved 1048576K
}
Event: 5.238 GC heap before
{Heap before GC invocations=7 (full 0):
 garbage-first heap   total 262144K, used 165260K [0x0000000701a00000, 0x0000000800000000)
  region size 1024K, 103 young (105472K), 11 survivors (11264K)
 Metaspace       used 55268K, capacity 58768K, committed 58960K, reserved 1099776K
  class space    used 6338K, capacity 7919K, committed 7936K, reserved 1048576K
}
Event: 5.242 GC heap after
{Heap after GC invocations=8 (full 0):
 garbage-first heap   total 262144K, used 72768K [0x0000000701a00000, 0x0000000800000000)
  region size 1024K, 8 young (8192K), 8 survivors (8192K)
 Metaspace       used 55268K, capacity 58768K, committed 58960K, reserved 1099776K
  class space    used 6338K, capacity 7919K, committed 7936K, reserved 1048576K
}
Event: 5.464 GC heap before
{Heap before GC invocations=8 (full 0):
 garbage-first heap   total 262144K, used 163904K [0x0000000701a00000, 0x0000000800000000)
  region size 1024K, 90 young (92160K), 8 survivors (8192K)
 Metaspace       used 56572K, capacity 60167K, committed 60496K, reserved 1101824K
  class space    used 6504K, capacity 8092K, committed 8192K, reserved 1048576K
}
Event: 5.470 GC heap after
{Heap after GC invocations=9 (full 0):
 garbage-first heap   total 262144K, used 82146K [0x0000000701a00000, 0x0000000800000000)
  region size 1024K, 9 young (9216K), 9 survivors (9216K)
 Metaspace       used 56572K, capacity 60167K, committed 60496K, reserved 1101824K
  class space    used 6504K, capacity 8092K, committed 8192K, reserved 1048576K
}

Deoptimization events (20 events):
Event: 5.489 Thread 0x000002400fa3d800 DEOPT PACKING pc=0x0000024007d50580 sp=0x0000006674ff6120
Event: 5.489 Thread 0x000002400fa3d800 DEOPT UNPACKING pc=0x0000024000027b2f sp=0x0000006674ff60f8 mode 2
Event: 5.492 Thread 0x00000240220b0000 Uncommon trap: trap_request=0xffffff4d fr.pc=0x0000024007beecac relative=0x000000000000026c
Event: 5.492 Thread 0x00000240220b0000 Uncommon trap: reason=unstable_if action=reinterpret pc=0x0000024007beecac method=com.sun.org.apache.xerces.internal.dom.DeferredDocumentImpl.clearChunkValue([[Ljava/lang/Object;II)Ljava/lang/String; @ 3 c2
Event: 5.492 Thread 0x00000240220b0000 DEOPT PACKING pc=0x0000024007beecac sp=0x00000066762fdf30
Event: 5.492 Thread 0x00000240220b0000 DEOPT UNPACKING pc=0x0000024000027b2f sp=0x00000066762fded0 mode 2
Event: 5.496 Thread 0x00000240220b0000 Uncommon trap: trap_request=0xffffff4d fr.pc=0x0000024007d7ce30 relative=0x00000000000006b0
Event: 5.496 Thread 0x00000240220b0000 Uncommon trap: reason=unstable_if action=reinterpret pc=0x0000024007d7ce30 method=com.sun.org.apache.xerces.internal.impl.XMLScanner.scanAttributeValue(Lcom/sun/org/apache/xerces/internal/xni/XMLString;Lcom/sun/org/apache/xerces/internal/xni/XMLString;Lja
Event: 5.496 Thread 0x00000240220b0000 DEOPT PACKING pc=0x0000024007d7ce30 sp=0x00000066762fdec0
Event: 5.496 Thread 0x00000240220b0000 DEOPT UNPACKING pc=0x0000024000027b2f sp=0x00000066762fde58 mode 2
Event: 5.528 Thread 0x000002400fa3d800 Uncommon trap: trap_request=0xffffffde fr.pc=0x0000024007d498e4 relative=0x00000000000002e4
Event: 5.528 Thread 0x000002400fa3d800 Uncommon trap: reason=class_check action=maybe_recompile pc=0x0000024007d498e4 method=javax.swing.RepaintManager.addDirtyRegion0(Ljava/awt/Container;IIII)V @ 58 c2
Event: 5.528 Thread 0x000002400fa3d800 DEOPT PACKING pc=0x0000024007d498e4 sp=0x0000006674ff6a50
Event: 5.528 Thread 0x000002400fa3d800 DEOPT UNPACKING pc=0x0000024000027b2f sp=0x0000006674ff68b8 mode 2
Event: 5.529 Thread 0x000002400fa3d800 Uncommon trap: trap_request=0xffffffde fr.pc=0x0000024007d4a5fc relative=0x000000000000021c
Event: 5.529 Thread 0x000002400fa3d800 Uncommon trap: reason=class_check action=maybe_recompile pc=0x0000024007d4a5fc method=javax.swing.RepaintManager.addDirtyRegion0(Ljava/awt/Container;IIII)V @ 58 c2
Event: 5.529 Thread 0x000002400fa3d800 DEOPT PACKING pc=0x0000024007d4a5fc sp=0x0000006674ff6980
Event: 5.529 Thread 0x000002400fa3d800 DEOPT UNPACKING pc=0x0000024000027b2f sp=0x0000006674ff68a8 mode 2
Event: 5.611 Thread 0x00000240220b0000 DEOPT PACKING pc=0x00000240012d417f sp=0x00000066762fdff0
Event: 5.611 Thread 0x00000240220b0000 DEOPT UNPACKING pc=0x000002400002794e sp=0x00000066762fd660 mode 0

Classes redefined (0 events):
No events

Internal exceptions (20 events):
Event: 5.639 Thread 0x00000240220b0000 Implicit null exception at 0x00000240013016c6 to 0x00000240013019f7
Event: 5.639 Thread 0x00000240220b0000 Exception <a 'java/lang/NullPointerException'{0x000000070f52bab8}> (0x000000070f52bab8) thrown at [./src/hotspot/share/runtime/sharedRuntime.cpp, line 584]
Event: 5.639 Thread 0x00000240220b0000 Implicit null exception at 0x00000240013016c6 to 0x00000240013019f7
Event: 5.639 Thread 0x00000240220b0000 Exception <a 'java/lang/NullPointerException'{0x000000070f52bda8}> (0x000000070f52bda8) thrown at [./src/hotspot/share/runtime/sharedRuntime.cpp, line 584]
Event: 5.639 Thread 0x00000240220b0000 Implicit null exception at 0x00000240013016c6 to 0x00000240013019f7
Event: 5.639 Thread 0x00000240220b0000 Exception <a 'java/lang/NullPointerException'{0x000000070f52d9b8}> (0x000000070f52d9b8) thrown at [./src/hotspot/share/runtime/sharedRuntime.cpp, line 584]
Event: 5.639 Thread 0x00000240220b0000 Implicit null exception at 0x00000240013016c6 to 0x00000240013019f7
Event: 5.639 Thread 0x00000240220b0000 Exception <a 'java/lang/NullPointerException'{0x000000070f52dca8}> (0x000000070f52dca8) thrown at [./src/hotspot/share/runtime/sharedRuntime.cpp, line 584]
Event: 5.640 Thread 0x00000240220b0000 Implicit null exception at 0x00000240013016c6 to 0x00000240013019f7
Event: 5.640 Thread 0x00000240220b0000 Exception <a 'java/lang/NullPointerException'{0x000000070f52f238}> (0x000000070f52f238) thrown at [./src/hotspot/share/runtime/sharedRuntime.cpp, line 584]
Event: 5.640 Thread 0x00000240220b0000 Implicit null exception at 0x00000240013016c6 to 0x00000240013019f7
Event: 5.640 Thread 0x00000240220b0000 Exception <a 'java/lang/NullPointerException'{0x000000070f52f528}> (0x000000070f52f528) thrown at [./src/hotspot/share/runtime/sharedRuntime.cpp, line 584]
Event: 5.640 Thread 0x00000240220b0000 Implicit null exception at 0x00000240013016c6 to 0x00000240013019f7
Event: 5.640 Thread 0x00000240220b0000 Exception <a 'java/lang/NullPointerException'{0x000000070f5308e0}> (0x000000070f5308e0) thrown at [./src/hotspot/share/runtime/sharedRuntime.cpp, line 584]
Event: 5.640 Thread 0x00000240220b0000 Implicit null exception at 0x00000240013016c6 to 0x00000240013019f7
Event: 5.640 Thread 0x00000240220b0000 Exception <a 'java/lang/NullPointerException'{0x000000070f530bd0}> (0x000000070f530bd0) thrown at [./src/hotspot/share/runtime/sharedRuntime.cpp, line 584]
Event: 5.640 Thread 0x00000240220b0000 Implicit null exception at 0x00000240013016c6 to 0x00000240013019f7
Event: 5.640 Thread 0x00000240220b0000 Exception <a 'java/lang/NullPointerException'{0x000000070f531e78}> (0x000000070f531e78) thrown at [./src/hotspot/share/runtime/sharedRuntime.cpp, line 584]
Event: 5.640 Thread 0x00000240220b0000 Implicit null exception at 0x00000240013016c6 to 0x00000240013019f7
Event: 5.640 Thread 0x00000240220b0000 Exception <a 'java/lang/NullPointerException'{0x000000070f532168}> (0x000000070f532168) thrown at [./src/hotspot/share/runtime/sharedRuntime.cpp, line 584]

Events (20 events):
Event: 5.639 Thread 0x00000240220b1000 Thread added: 0x00000240220b1000
Event: 5.640 Thread 0x00000240220b1000 Thread exited: 0x00000240220b1000
Event: 5.640 Thread 0x00000240220b1000 Thread added: 0x00000240220b1000
Event: 5.640 Thread 0x00000240220b1000 Thread exited: 0x00000240220b1000
Event: 5.640 Thread 0x00000240220b1000 Thread added: 0x00000240220b1000
Event: 5.640 Thread 0x00000240220b1000 Thread exited: 0x00000240220b1000
Event: 5.640 Thread 0x00000240220ac000 Thread added: 0x00000240220ac000
Event: 5.641 Thread 0x00000240220ac000 Thread exited: 0x00000240220ac000
Event: 5.643 Thread 0x00000240220b1000 Thread added: 0x00000240220b1000
Event: 5.643 Thread 0x00000240220b1000 Thread exited: 0x00000240220b1000
Event: 5.644 Thread 0x00000240220b1000 Thread added: 0x00000240220b1000
Event: 5.644 Thread 0x00000240220b1000 Thread exited: 0x00000240220b1000
Event: 5.646 Thread 0x00000240220ac000 Thread added: 0x00000240220ac000
Event: 5.646 Thread 0x00000240220ac000 Thread exited: 0x00000240220ac000
Event: 5.646 Thread 0x00000240220ac000 Thread added: 0x00000240220ac000
Event: 5.646 Thread 0x00000240220ac000 Thread exited: 0x00000240220ac000
Event: 5.660 Thread 0x00000240220b1000 Thread added: 0x00000240220b1000
Event: 5.660 Thread 0x00000240220b1000 Thread exited: 0x00000240220b1000
Event: 5.660 Thread 0x00000240220b1000 Thread added: 0x00000240220b1000
Event: 5.660 Thread 0x00000240220b1000 Thread exited: 0x00000240220b1000


Dynamic libraries:
0x00007ff6da610000 - 0x00007ff6da61d000 	C:\Program Files\STMicroelectronics\STM32Cube\STM32CubeMX\jre\bin\javaw.exe
0x00007ffa2f520000 - 0x00007ffa2f727000 	C:\WINDOWS\SYSTEM32\ntdll.dll
0x00007ffa2eef0000 - 0x00007ffa2efad000 	C:\WINDOWS\System32\KERNEL32.DLL
0x00007ffa2d000000 - 0x00007ffa2d374000 	C:\WINDOWS\System32\KERNELBASE.dll
0x00007ffa29fd0000 - 0x00007ffa2a061000 	C:\WINDOWS\SYSTEM32\apphelp.dll
0x00007ffa2cee0000 - 0x00007ffa2cff1000 	C:\WINDOWS\System32\ucrtbase.dll
0x00007ffa272b0000 - 0x00007ffa272c7000 	C:\Program Files\STMicroelectronics\STM32Cube\STM32CubeMX\jre\bin\jli.dll
0x00007ffa27130000 - 0x00007ffa27145000 	C:\Program Files\STMicroelectronics\STM32Cube\STM32CubeMX\jre\bin\VCRUNTIME140.dll
0x00007ffa2efe0000 - 0x00007ffa2f18c000 	C:\WINDOWS\System32\USER32.dll
0x00007ffa2d380000 - 0x00007ffa2d3a6000 	C:\WINDOWS\System32\win32u.dll
0x00007ffa09210000 - 0x00007ffa094b5000 	C:\WINDOWS\WinSxS\amd64_microsoft.windows.common-controls_6595b64144ccf1df_6.0.22000.120_none_9d947278b86cc467\COMCTL32.dll
0x00007ffa2efb0000 - 0x00007ffa2efd9000 	C:\WINDOWS\System32\GDI32.dll
0x00007ffa2f1c0000 - 0x00007ffa2f263000 	C:\WINDOWS\System32\msvcrt.dll
0x00007ffa2cb10000 - 0x00007ffa2cc22000 	C:\WINDOWS\System32\gdi32full.dll
0x00007ffa2ca00000 - 0x00007ffa2ca9d000 	C:\WINDOWS\System32\msvcp_win.dll
0x00007ffa2e450000 - 0x00007ffa2e481000 	C:\WINDOWS\System32\IMM32.DLL
0x00007ffa14350000 - 0x00007ffa143eb000 	C:\Program Files\STMicroelectronics\STM32Cube\STM32CubeMX\jre\bin\msvcp140.dll
0x00007ff9f6f90000 - 0x00007ff9f7ad3000 	C:\Program Files\STMicroelectronics\STM32Cube\STM32CubeMX\jre\bin\server\jvm.dll
0x00007ffa2f430000 - 0x00007ffa2f4dc000 	C:\WINDOWS\System32\ADVAPI32.dll
0x00007ffa2e280000 - 0x00007ffa2e31d000 	C:\WINDOWS\System32\sechost.dll
0x00007ffa2e320000 - 0x00007ffa2e441000 	C:\WINDOWS\System32\RPCRT4.dll
0x00007ffa2d570000 - 0x00007ffa2d578000 	C:\WINDOWS\System32\PSAPI.DLL
0x00007ffa26f60000 - 0x00007ffa26f93000 	C:\WINDOWS\SYSTEM32\WINMM.dll
0x00007ffa29640000 - 0x00007ffa29649000 	C:\WINDOWS\SYSTEM32\WSOCK32.dll
0x00007ffa24430000 - 0x00007ffa2443a000 	C:\WINDOWS\SYSTEM32\VERSION.dll
0x00007ffa2d9d0000 - 0x00007ffa2da3f000 	C:\WINDOWS\System32\WS2_32.dll
0x00007ffa2bb20000 - 0x00007ffa2bb38000 	C:\WINDOWS\SYSTEM32\kernel.appcore.dll
0x00007ffa271a0000 - 0x00007ffa271b0000 	C:\Program Files\STMicroelectronics\STM32Cube\STM32CubeMX\jre\bin\verify.dll
0x00007ffa25380000 - 0x00007ffa255a1000 	C:\WINDOWS\SYSTEM32\DBGHELP.DLL
0x00007ffa14100000 - 0x00007ffa14131000 	C:\WINDOWS\SYSTEM32\dbgcore.DLL
0x00007ffa2ce60000 - 0x00007ffa2cedf000 	C:\WINDOWS\System32\bcryptPrimitives.dll
0x00007ffa1e170000 - 0x00007ffa1e198000 	C:\Program Files\STMicroelectronics\STM32Cube\STM32CubeMX\jre\bin\java.dll
0x00007ffa1db50000 - 0x00007ffa1db5a000 	C:\Program Files\STMicroelectronics\STM32Cube\STM32CubeMX\jre\bin\jimage.dll
0x00007ffa1d3c0000 - 0x00007ffa1d3d7000 	C:\Program Files\STMicroelectronics\STM32Cube\STM32CubeMX\jre\bin\zip.dll
0x00007ffa2da60000 - 0x00007ffa2e20e000 	C:\WINDOWS\System32\SHELL32.dll
0x00007ffa2aba0000 - 0x00007ffa2b407000 	C:\WINDOWS\SYSTEM32\windows.storage.dll
0x00007ffa2e670000 - 0x00007ffa2e9e8000 	C:\WINDOWS\System32\combase.dll
0x00007ffa2aa30000 - 0x00007ffa2ab96000 	C:\WINDOWS\SYSTEM32\wintypes.dll
0x00007ffa2f2e0000 - 0x00007ffa2f3ca000 	C:\WINDOWS\System32\SHCORE.dll
0x00007ffa2e600000 - 0x00007ffa2e65d000 	C:\WINDOWS\System32\shlwapi.dll
0x00007ffa2c930000 - 0x00007ffa2c951000 	C:\WINDOWS\SYSTEM32\profapi.dll
0x00007ffa147a0000 - 0x00007ffa147b9000 	C:\Program Files\STMicroelectronics\STM32Cube\STM32CubeMX\jre\bin\net.dll
0x00007ffa26ac0000 - 0x00007ffa26bcc000 	C:\WINDOWS\SYSTEM32\WINHTTP.dll
0x00007ffa2bf30000 - 0x00007ffa2bf97000 	C:\WINDOWS\system32\mswsock.dll
0x00007ffa14780000 - 0x00007ffa14792000 	C:\Program Files\STMicroelectronics\STM32Cube\STM32CubeMX\jre\bin\nio.dll
0x00007ff9f6df0000 - 0x00007ff9f6f89000 	C:\Program Files\STMicroelectronics\STM32Cube\STM32CubeMX\jre\bin\awt.dll
0x00007ffa2d840000 - 0x00007ffa2d916000 	C:\WINDOWS\System32\OLEAUT32.dll
0x00007ffa2c180000 - 0x00007ffa2c198000 	C:\WINDOWS\SYSTEM32\CRYPTSP.dll
0x00007ffa2ba80000 - 0x00007ffa2bab5000 	C:\WINDOWS\system32\rsaenh.dll
0x00007ffa2c020000 - 0x00007ffa2c049000 	C:\WINDOWS\SYSTEM32\USERENV.dll
0x00007ffa2c2f0000 - 0x00007ffa2c317000 	C:\WINDOWS\SYSTEM32\bcrypt.dll
0x00007ffa2c170000 - 0x00007ffa2c17c000 	C:\WINDOWS\SYSTEM32\CRYPTBASE.dll
0x00007ffa2b620000 - 0x00007ffa2b64d000 	C:\WINDOWS\SYSTEM32\IPHLPAPI.DLL
0x00007ffa2e660000 - 0x00007ffa2e669000 	C:\WINDOWS\System32\NSI.dll
0x00007ffa26d60000 - 0x00007ffa26d79000 	C:\WINDOWS\SYSTEM32\dhcpcsvc6.DLL
0x00007ffa26f00000 - 0x00007ffa26f1e000 	C:\WINDOWS\SYSTEM32\dhcpcsvc.DLL
0x00007ffa2b680000 - 0x00007ffa2b767000 	C:\WINDOWS\SYSTEM32\DNSAPI.dll
0x00007ffa2a180000 - 0x00007ffa2a22c000 	C:\WINDOWS\system32\uxtheme.dll
0x00007ffa2d580000 - 0x00007ffa2d69e000 	C:\WINDOWS\System32\MSCTF.dll
0x00007ffa2d6a0000 - 0x00007ffa2d83a000 	C:\WINDOWS\System32\ole32.dll
0x00007ffa2a560000 - 0x00007ffa2a58f000 	C:\WINDOWS\system32\DWMAPI.DLL
0x00007ff9d2f20000 - 0x00007ff9d3021000 	C:\WINDOWS\system32\opengl32.dll
0x00007ff9d24a0000 - 0x00007ff9d24cd000 	C:\WINDOWS\SYSTEM32\GLU32.dll
0x00007ffa2a280000 - 0x00007ffa2a2b8000 	C:\WINDOWS\SYSTEM32\dxcore.dll
0x00007ff9ed000000 - 0x00007ff9ed1a6000 	C:\WINDOWS\system32\d3d9.dll
0x00007ffa22b40000 - 0x00007ffa22d1b000 	C:\Windows\System32\DriverStore\FileRepository\u0370106.inf_amd64_9757b5a096d00ce3\B369194\aticfx64.dll
0x00007ff9e79a0000 - 0x00007ff9e97b0000 	C:\Windows\System32\DriverStore\FileRepository\u0370106.inf_amd64_9757b5a096d00ce3\B369194\amdxn64.dll
0x00007ffa2a2c0000 - 0x00007ffa2a3b3000 	C:\WINDOWS\SYSTEM32\dxgi.dll
0x00007ffa209f0000 - 0x00007ffa20a20000 	C:\WINDOWS\SYSTEM32\amdihk64.dll
0x00007ffa26840000 - 0x00007ffa26884000 	C:\WINDOWS\SYSTEM32\directxdatabasehelper.dll
0x00007ffa2a3e0000 - 0x00007ffa2a414000 	C:\WINDOWS\SYSTEM32\ntmarta.dll
0x00007ffa03e10000 - 0x00007ffa03e95000 	C:\Program Files\STMicroelectronics\STM32Cube\STM32CubeMX\jre\bin\freetype.dll
0x00007ffa14760000 - 0x00007ffa14772000 	C:\Program Files\STMicroelectronics\STM32Cube\STM32CubeMX\jre\bin\fontmanager.dll
0x00007ff9f9d50000 - 0x00007ff9f9e0c000 	C:\Program Files\STMicroelectronics\STM32Cube\STM32CubeMX\jre\bin\harfbuzz.dll
0x0000000063560000 - 0x0000000063569000 	C:\Program Files\National Instruments\Shared\mDNS Responder\nimdnsNSP.dll
0x0000000063550000 - 0x000000006355e000 	C:\WINDOWS\SYSTEM32\nimdnsResponder.dll
0x0000000068580000 - 0x0000000068623000 	C:\WINDOWS\WinSxS\amd64_microsoft.vc90.crt_1fc8b3b9a1e18e3b_9.0.30729.9635_none_08e2c157a83ed5da\MSVCR90.dll
0x0000000068550000 - 0x0000000068576000 	C:\Program Files\Bonjour\mdnsNSP.dll
0x00007ffa1eee0000 - 0x00007ffa1eeea000 	C:\Windows\System32\rasadhlp.dll
0x00007ffa156d0000 - 0x00007ffa156d9000 	C:\Program Files\STMicroelectronics\STM32Cube\STM32CubeMX\jre\bin\management.dll
0x00007ffa14b80000 - 0x00007ffa14b8b000 	C:\Program Files\STMicroelectronics\STM32Cube\STM32CubeMX\jre\bin\management_ext.dll
0x00007ffa14af0000 - 0x00007ffa14af9000 	C:\Program Files\STMicroelectronics\STM32Cube\STM32CubeMX\jre\bin\prefs.dll
0x00007ff9e0470000 - 0x00007ff9e0487000 	C:\WINDOWS\system32\napinsp.dll
0x00007ff9e0450000 - 0x00007ff9e046b000 	C:\WINDOWS\system32\pnrpnsp.dll
0x00007ff9e0430000 - 0x00007ff9e0442000 	C:\WINDOWS\System32\winrnr.dll
0x00007ffa256f0000 - 0x00007ffa25705000 	C:\WINDOWS\system32\wshbth.dll
0x00007ff9e0410000 - 0x00007ff9e042f000 	C:\WINDOWS\system32\nlansp_c.dll
0x00007ffa24630000 - 0x00007ffa246b1000 	C:\WINDOWS\System32\fwpuclnt.dll
0x00007ffa05c40000 - 0x00007ffa05c65000 	C:\Program Files\STMicroelectronics\STM32Cube\STM32CubeMX\jre\bin\sunec.dll
0x00007ffa14a80000 - 0x00007ffa14a8e000 	C:\Program Files\STMicroelectronics\STM32Cube\STM32CubeMX\jre\bin\sunmscapi.dll
0x00007ffa2cc30000 - 0x00007ffa2cd92000 	C:\WINDOWS\System32\CRYPT32.dll
0x00007ffa2c2c0000 - 0x00007ffa2c2e8000 	C:\WINDOWS\SYSTEM32\ncrypt.dll
0x00007ffa2c280000 - 0x00007ffa2c2b7000 	C:\WINDOWS\SYSTEM32\NTASN1.dll
0x00007ffa2c1d0000 - 0x00007ffa2c1e2000 	C:\WINDOWS\SYSTEM32\MSASN1.dll
0x00007ffa2bfc0000 - 0x00007ffa2bfe4000 	C:\WINDOWS\SYSTEM32\gpapi.dll
0x00007ffa05070000 - 0x00007ffa0509d000 	C:\Program Files\STMicroelectronics\STM32Cube\STM32CubeMX\jre\bin\javajpeg.dll
0x00007ffa2d920000 - 0x00007ffa2d9cf000 	C:\WINDOWS\System32\clbcatq.dll
0x00007ffa23ae0000 - 0x00007ffa23c8e000 	C:\WINDOWS\SYSTEM32\WindowsCodecs.dll
0x00007ffa06aa0000 - 0x00007ffa06afd000 	C:\WINDOWS\system32\dataexchange.dll
0x00007ffa235c0000 - 0x00007ffa23826000 	C:\WINDOWS\system32\twinapi.appcore.dll
0x00007ffa13fd0000 - 0x00007ffa140fd000 	C:\WINDOWS\SYSTEM32\textinputframework.dll
0x00007ffa29b90000 - 0x00007ffa29cc2000 	C:\WINDOWS\SYSTEM32\CoreMessaging.dll
0x00007ffa24b30000 - 0x00007ffa24e9d000 	C:\WINDOWS\SYSTEM32\CoreUIComponents.dll

dbghelp: loaded successfully - version: 4.0.5 - missing functions: none
symbol engine: initialized successfully - sym options: 0x614 - pdb path: .;C:\Program Files\STMicroelectronics\STM32Cube\STM32CubeMX\jre\bin;C:\WINDOWS\SYSTEM32;C:\WINDOWS\WinSxS\amd64_microsoft.windows.common-controls_6595b64144ccf1df_6.0.22000.120_none_9d947278b86cc467;C:\Program Files\STMicroelectronics\STM32Cube\STM32CubeMX\jre\bin\server;C:\Windows\System32\DriverStore\FileRepository\u0370106.inf_amd64_9757b5a096d00ce3\B369194;C:\Program Files\National Instruments\Shared\mDNS Responder;C:\WINDOWS\WinSxS\amd64_microsoft.vc90.crt_1fc8b3b9a1e18e3b_9.0.30729.9635_none_08e2c157a83ed5da;C:\Program Files\Bonjour

VM Arguments:
jvm_args: -Djavax.net.ssl.trustStoreType=WINDOWS-ROOT 
java_command: com.st.microxplorer.maingui.STM32CubeMX C:\Users\13443\source\stm32rt\temp\stm32freertos.ioc
java_class_path (initial): C:\Program Files\STMicroelectronics\STM32Cube\STM32CubeMX\STM32CubeMX.exe;anything
Launcher Type: SUN_STANDARD

[Global flags]
     intx CICompilerCount                          = 4                                         {product} {ergonomic}
     uint ConcGCThreads                            = 3                                         {product} {ergonomic}
     uint G1ConcRefinementThreads                  = 10                                        {product} {ergonomic}
   size_t G1HeapRegionSize                         = 1048576                                   {product} {ergonomic}
    uintx GCDrainStackTargetSize                   = 64                                        {product} {ergonomic}
   size_t InitialHeapSize                          = 268435456                                 {product} {ergonomic}
   size_t MarkStackSize                            = 4194304                                   {product} {ergonomic}
   size_t MaxHeapSize                              = 4267704320                                {product} {ergonomic}
   size_t MaxNewSize                               = 2560622592                                {product} {ergonomic}
   size_t MinHeapDeltaBytes                        = 1048576                                   {product} {ergonomic}
    uintx NonNMethodCodeHeapSize                   = 5836300                                {pd product} {ergonomic}
    uintx NonProfiledCodeHeapSize                  = 122910970                              {pd product} {ergonomic}
    uintx ProfiledCodeHeapSize                     = 122910970                              {pd product} {ergonomic}
    uintx ReservedCodeCacheSize                    = 251658240                              {pd product} {ergonomic}
     bool SegmentedCodeCache                       = true                                      {product} {ergonomic}
     bool UseCompressedClassPointers               = true                                 {lp64_product} {ergonomic}
     bool UseCompressedOops                        = true                                 {lp64_product} {ergonomic}
     bool UseG1GC                                  = true                                      {product} {ergonomic}
     bool UseLargePagesIndividualAllocation        = false                                  {pd product} {ergonomic}

Logging:
Log output configuration:
 #0: stdout all=warning uptime,level,tags
 #1: stderr all=off uptime,level,tags

Environment Variables:
JAVA_HOME=C:\Program Files (x86)\Java\jre1.8.0_311
CLASSPATH=.;C:\Program Files (x86)\Java\jre1.8.0_311\lib\dt.jar;C:\Program Files (x86)\Java\jre1.8.0_311\lib\tools.jar;
PATH=C:\Program Files\STMicroelectronics\STM32Cube\STM32CubeMX\;C:\Program Files (x86)\Common Files\Oracle\Java\javapath;C:\Program Files (x86)\STMicroelectronics\st_toolset\asm;C:\Program Files (x86)\Intel\Intel(R) Management Engine Components\iCLS\;C:\Program Files\Intel\Intel(R) Management Engine Components\iCLS\;C:\WINDOWS\system32;C:\WINDOWS;C:\WINDOWS\System32\Wbem;C:\WINDOWS\System32\WindowsPowerShell\v1.0\;C:\WINDOWS\System32\OpenSSH\;C:\Program Files\Microsoft SQL Server\Client SDK\ODBC\110\Tools\Binn\;C:\Program Files (x86)\Microsoft SQL Server\120\Tools\Binn\;C:\Program Files\Microsoft SQL Server\120\Tools\Binn\;C:\Program Files\Microsoft SQL Server\120\DTS\Binn\;C:\Program Files (x86)\Windows Kits\8.1\Windows Performance Toolkit\;C:\Program Files\LLVM\bin;C:\Program Files (x86)\Java\jre1.8.0_311\bin;C:\Program Files (x86)\Java\jre1.8.0_311\jre\bin;C:\Program Files\Git\cmd;C:\gcc-arm-none-eab\bin;C:\Program Files\mingw-w64\x86_64-8.1.0-posix-seh-rt_v6-rev0\mingw64\bin;C:\openocd-0.10.0\bin;C:\Users\13443\AppData\Local\Microsoft\WindowsApps;;C:\Users\13443\AppData\Local\Programs\Microsoft VS Code\bin;C:\Program Files\JetBrains\CLion 2020.3.4\bin;;C:\Program Files\STMicroelectronics\STM32Cube\STM32CubeMX\.\jre\\bin
USERNAME=13443
OS=Windows_NT
PROCESSOR_IDENTIFIER=Intel64 Family 6 Model 158 Stepping 10, GenuineIntel



---------------  S Y S T E M  ---------------

OS: Windows 10 , 64 bit Build 22000 (10.0.22000.318)
OS uptime: 0 days 4:39 hours

CPU:total 12 (initial active 12) (6 cores per cpu, 2 threads per core) family 6 model 158 stepping 10 microcode 0xea, cmov, cx8, fxsr, mmx, sse, sse2, sse3, ssse3, sse4.1, sse4.2, popcnt, avx, avx2, aes, clmul, erms, 3dnowpref, lzcnt, ht, tsc, tscinvbit, bmi1, bmi2, adx, fma

Memory: 4k page, system-wide physical 16278M (7702M free)
TotalPageFile size 17078M (AvailPageFile size 5M)
current process WorkingSet (physical memory assigned to process): 411M, peak: 417M
current process commit charge ("private bytes"): 561M, peak: 562M

vm_info: OpenJDK 64-Bit Server VM (11.0.10+9) for windows-amd64 JRE (11.0.10+9), built on Jan 20 2021 06:07:07 by "" with MS VC++ 15.9 (VS2017)

END.
